[0m[[0m[0mdebug[0m] [0m[0m> Exec(run, Some(8d8a7f5e-d09e-4f0d-bb70-efbf2d6236ad), Some(CommandSource(console0)))[0m
[0m[[0m[0mdebug[0m] [0m[0mEvaluating tasks: Compile / run[0m
[0m[[0m[0mdebug[0m] [0m[0mRunning task... Cancel: Signal, check cycles: false, forcegc: true[0m
[0m[[0m[0minfo[0m] [0m[0mcompiling 5 Scala sources to C:\Users\seton\OneDrive\School\FINALSEM LETS GOOOOOOOO\Programming Languages\Project\vinyltracker\target\scala-3.6.3\classes ...[0m
[0m[[0m[31merror[0m] [0m[0m[31m[31m-- [E006] Not Found Error: C:\Users\seton\OneDrive\School\FINALSEM LETS GOOOOOOOO\Programming Languages\Project\vinyltracker\src\main\scala\classes\artists.scala:37:24 [0m[0m[0m
[0m[[0m[31merror[0m] [0m[0m[31m37 |[0m                        displayArtists()[0m
[0m[[0m[31merror[0m] [0m[0m[31m[31m   |[0m                        ^^^^^^^^^^^^^^[0m[0m
[0m[[0m[31merror[0m] [0m[0m[31m   |[0m                        Not found: displayArtists[0m
[0m[[0m[31merror[0m] [0m[0m[31m   |[0m[0m
[0m[[0m[31merror[0m] [0m[0m[31m   |[0m longer explanation available when compiling with `-explain`[0m
[0m[[0m[31merror[0m] [0m[0m[31m[31m-- [E006] Not Found Error: C:\Users\seton\OneDrive\School\FINALSEM LETS GOOOOOOOO\Programming Languages\Project\vinyltracker\src\main\scala\classes\genres.scala:36:24 [0m[0m[0m
[0m[[0m[31merror[0m] [0m[0m[31m36 |[0m                        displayGenres()[0m
[0m[[0m[31merror[0m] [0m[0m[31m[31m   |[0m                        ^^^^^^^^^^^^^[0m[0m
[0m[[0m[31merror[0m] [0m[0m[31m   |[0m                        Not found: displayGenres[0m
[0m[[0m[31merror[0m] [0m[0m[31m   |[0m[0m
[0m[[0m[31merror[0m] [0m[0m[31m   |[0m longer explanation available when compiling with `-explain`[0m
[0m[[0m[31merror[0m] [0m[0mtwo errors found[0m
[0m[[0m[31merror[0m] [0m[0m(Compile / [31mcompileIncremental[0m) Compilation failed[0m
[0m[[0m[31merror[0m] [0m[0mTotal time: 3 s, completed 1 May 2025, 6:45:39 pm[0m
[0m[[0m[0mdebug[0m] [0m[0m> Exec(shell, None, None)[0m
