[0m[[0m[0mdebug[0m] [0m[0m> Exec(run, Some(973285f0-eeea-4cd8-a54f-4725829f1aaa), Some(CommandSource(console0)))[0m
[0m[[0m[0mdebug[0m] [0m[0mEvaluating tasks: Compile / run[0m
[0m[[0m[0mdebug[0m] [0m[0mRunning task... Cancel: Signal, check cycles: false, forcegc: true[0m
[0m[[0m[0minfo[0m] [0m[0mcompiling 1 Scala source to C:\Users\seton\OneDrive\School\FINALSEM LETS GOOOOOOOO\Programming Languages\Project\vinyltracker\target\scala-3.6.3\classes ...[0m
[0m[[0m[31merror[0m] [0m[0m[31m[31m-- [E189] Not Found Error: C:\Users\seton\OneDrive\School\FINALSEM LETS GOOOOOOOO\Programming Languages\Project\vinyltracker\src\main\scala\classes\vinyls.scala:49:63 [0m[0m[0m
[0m[[0m[31merror[0m] [0m[0m[31m49 |[0m                            [33mcase[0m [31m"name"[0m or [31m"artist"[0m or [31m"genre"[0m or [31m"type"[0m =>[0m
[0m[[0m[31merror[0m] [0m[0m[31m[31m   |[0m                                                               ^^[0m[0m
[0m[[0m[31merror[0m] [0m[0m[31m   |[0m                           no pattern match extractor named or was found[0m
[0m[[0m[31merror[0m] [0m[0m[31m   |[0m[0m
[0m[[0m[31merror[0m] [0m[0m[31m   |[0m longer explanation available when compiling with `-explain`[0m
[0m[[0m[31merror[0m] [0m[0m[31m[31m-- [E189] Not Found Error: C:\Users\seton\OneDrive\School\FINALSEM LETS GOOOOOOOO\Programming Languages\Project\vinyltracker\src\main\scala\classes\vinyls.scala:49:52 [0m[0m[0m
[0m[[0m[31merror[0m] [0m[0m[31m49 |[0m                            [33mcase[0m [31m"name"[0m or [31m"artist"[0m or [31m"genre"[0m or [31m"type"[0m =>[0m
[0m[[0m[31merror[0m] [0m[0m[31m[31m   |[0m                                                    ^^[0m[0m
[0m[[0m[31merror[0m] [0m[0m[31m   |[0m                           no pattern match extractor named or was found[0m
[0m[[0m[31merror[0m] [0m[0m[31m   |[0m[0m
[0m[[0m[31merror[0m] [0m[0m[31m   |[0m longer explanation available when compiling with `-explain`[0m
[0m[[0m[31merror[0m] [0m[0m[31m[31m-- [E189] Not Found Error: C:\Users\seton\OneDrive\School\FINALSEM LETS GOOOOOOOO\Programming Languages\Project\vinyltracker\src\main\scala\classes\vinyls.scala:49:40 [0m[0m[0m
[0m[[0m[31merror[0m] [0m[0m[31m49 |[0m                            [33mcase[0m [31m"name"[0m or [31m"artist"[0m or [31m"genre"[0m or [31m"type"[0m =>[0m
[0m[[0m[31merror[0m] [0m[0m[31m[31m   |[0m                                        ^^[0m[0m
[0m[[0m[31merror[0m] [0m[0m[31m   |[0m                           no pattern match extractor named or was found[0m
[0m[[0m[31merror[0m] [0m[0m[31m   |[0m[0m
[0m[[0m[31merror[0m] [0m[0m[31m   |[0m longer explanation available when compiling with `-explain`[0m
[0m[[0m[31merror[0m] [0m[0m[31m[31m-- [E189] Not Found Error: C:\Users\seton\OneDrive\School\FINALSEM LETS GOOOOOOOO\Programming Languages\Project\vinyltracker\src\main\scala\classes\vinyls.scala:53:41 [0m[0m[0m
[0m[[0m[31merror[0m] [0m[0m[31m53 |[0m                            [33mcase[0m [31m"price"[0m or [31m"date"[0m =>[0m
[0m[[0m[31merror[0m] [0m[0m[31m[31m   |[0m                                         ^^[0m[0m
[0m[[0m[31merror[0m] [0m[0m[31m   |[0m                           no pattern match extractor named or was found[0m
[0m[[0m[31merror[0m] [0m[0m[31m   |[0m[0m
[0m[[0m[31merror[0m] [0m[0m[31m   |[0m longer explanation available when compiling with `-explain`[0m
[0m[[0m[31merror[0m] [0m[0mfour errors found[0m
[0m[[0m[31merror[0m] [0m[0m(Compile / [31mcompileIncremental[0m) Compilation failed[0m
[0m[[0m[31merror[0m] [0m[0mTotal time: 0 s, completed 1 May 2025, 1:48:42 pm[0m
[0m[[0m[0mdebug[0m] [0m[0m> Exec(shell, None, None)[0m
