[0m[[0m[0mdebug[0m] [0m[0m> Exec(run, Some(41699265-4cc5-436c-9ce4-e62f06302a5b), Some(CommandSource(console0)))[0m
[0m[[0m[0mdebug[0m] [0m[0mEvaluating tasks: Compile / run[0m
[0m[[0m[0mdebug[0m] [0m[0mRunning task... Cancel: Signal, check cycles: false, forcegc: true[0m
[0m[[0m[0minfo[0m] [0m[0mcompiling 4 Scala sources to C:\Users\seton\OneDrive\School\FINALSEM LETS GOOOOOOOO\Programming Languages\Project\vinyltracker\target\scala-3.6.3\classes ...[0m
[0m[[0m[31merror[0m] [0m[0m[31m[31m-- [E007] Type Mismatch Error: C:\Users\seton\OneDrive\School\FINALSEM LETS GOOOOOOOO\Programming Languages\Project\vinyltracker\src\main\scala\classes\vinyls.scala:39:39 [0m[0m[0m
[0m[[0m[31merror[0m] [0m[0m[31m39 |[0m            [33mvar[0m [36mprice[0m: [35mFloat[0m = readLine()[0m
[0m[[0m[31merror[0m] [0m[0m[31m[31m   |[0m                               ^^^^^^^^^^[0m[0m
[0m[[0m[31merror[0m] [0m[0m[31m   |[0m                               Found:    String[0m
[0m[[0m[31merror[0m] [0m[0m[31m   |[0m                               Required: Float[0m
[0m[[0m[31merror[0m] [0m[0m[31m   |[0m[0m
[0m[[0m[31merror[0m] [0m[0m[31m   |[0m longer explanation available when compiling with `-explain`[0m
[0m[[0m[31merror[0m] [0m[0m[31m[31m-- [E171] Type Error: C:\Users\seton\OneDrive\School\FINALSEM LETS GOOOOOOOO\Programming Languages\Project\vinyltracker\src\main\scala\classes\vinyls.scala:43:25 [0m[0m[0m
[0m[[0m[31merror[0m] [0m[0m[31m43 |[0m            [33mvar[0m [36mv[0m = Vinyl()[0m
[0m[[0m[31merror[0m] [0m[0m[31m[31m   |[0m                    ^^^^^^^[0m[0m
[0m[[0m[31merror[0m] [0m[0m[31m   |[0mmissing argument for parameter vinylId of [33mmethod[0m [35mapply[0m in [33mobject[0m [35mVinyl[0m: (vinylId: Int, vinylName: String, vinylType: String, musicType: String,[0m
[0m[[0m[31merror[0m] [0m[0m[31m   |[0m  releaseDate: String, condition: String, price: Float, artistsIDs: List[Int],[0m
[0m[[0m[31merror[0m] [0m[0m[31m   |[0m  genreIDs: List[Int]): vinyls.Vinyl[0m
[0m[[0m[31merror[0m] [0m[0mtwo errors found[0m
[0m[[0m[31merror[0m] [0m[0m(Compile / [31mcompileIncremental[0m) Compilation failed[0m
[0m[[0m[31merror[0m] [0m[0mTotal time: 0 s, completed 24 Apr 2025, 5:32:25 pm[0m
[0m[[0m[0mdebug[0m] [0m[0m> Exec(shell, None, None)[0m
[0m[[0m[0mdebug[0m] [0m[0mForcing garbage collection...[0m
