2025.04.28 12:46:23 INFO  Started: Metals version 1.5.2 in folders 'C:\Users\seton\OneDrive\School\FINALSEM LETS GOOOOOOOO\Programming Languages\Project\vinyltracker' for client Visual Studio Code 1.99.3.
2025.04.28 12:46:27 INFO  no build target found for C:\Users\seton\OneDrive\School\FINALSEM LETS GOOOOOOOO\Programming Languages\Project\vinyltracker\src\main\scala\classes\vinyls.scala. Using presentation compiler with project's scala-library version: 3.3.5
Apr 28, 2025 12:46:48 PM org.eclipse.lsp4j.jsonrpc.RemoteEndpoint handleCancellation
WARNING: Unmatched cancel notification for request id 1
2025.04.28 12:46:48 WARN  no build target for: C:\Users\seton\OneDrive\School\FINALSEM LETS GOOOOOOOO\Programming Languages\Project\vinyltracker\src\main\scala\classes\vinyls.scala
2025.04.28 12:46:48 INFO  no build target found for C:\Users\seton\OneDrive\School\FINALSEM LETS GOOOOOOOO\Programming Languages\Project\vinyltracker\src\main\scala\classes\vinyls.scala. Using presentation compiler with project's scala-library version: 3.3.5
2025.04.28 12:46:48 INFO  no build target found for C:\Users\seton\OneDrive\School\FINALSEM LETS GOOOOOOOO\Programming Languages\Project\vinyltracker\src\main\scala\classes\vinyls.scala. Using presentation compiler with project's scala-library version: 3.3.5
2025.04.28 12:46:48 INFO  no build target found for C:\Users\seton\OneDrive\School\FINALSEM LETS GOOOOOOOO\Programming Languages\Project\vinyltracker\src\main\scala\classes\vinyls.scala. Using presentation compiler with project's scala-library version: 3.3.5
2025.04.28 12:46:48 INFO  no build target found for C:\Users\seton\OneDrive\School\FINALSEM LETS GOOOOOOOO\Programming Languages\Project\vinyltracker\src\main\scala\classes\vinyls.scala. Using presentation compiler with project's scala-library version: 3.3.5
Apr 28, 2025 12:46:48 PM org.eclipse.lsp4j.jsonrpc.RemoteEndpoint handleCancellation
WARNING: Unmatched cancel notification for request id 14
Apr 28, 2025 12:46:48 PM org.eclipse.lsp4j.jsonrpc.RemoteEndpoint handleCancellation
WARNING: Unmatched cancel notification for request id 11
2025.04.28 12:46:48 INFO  no build target found for C:\Users\seton\OneDrive\School\FINALSEM LETS GOOOOOOOO\Programming Languages\Project\vinyltracker\src\main\scala\classes\vinyls.scala. Using presentation compiler with project's scala-library version: 3.3.5
2025.04.28 12:46:48 INFO  Attempting to connect to the build server...
2025.04.28 12:46:49 WARN  no build target for: C:\Users\seton\OneDrive\School\FINALSEM LETS GOOOOOOOO\Programming Languages\Project\vinyltracker\src\main\scala\classes\vinyls.scala
2025.04.28 12:46:49 WARN  no build target for: C:\Users\seton\OneDrive\School\FINALSEM LETS GOOOOOOOO\Programming Languages\Project\vinyltracker\src\main\scala\classes\vinyls.scala
2025.04.28 12:46:49 INFO  no build target found for C:\Users\seton\OneDrive\School\FINALSEM LETS GOOOOOOOO\Programming Languages\Project\vinyltracker\src\main\scala\classes\vinyls.scala. Using presentation compiler with project's scala-library version: 3.3.5
2025.04.28 12:46:48 INFO  no build target found for C:\Users\seton\OneDrive\School\FINALSEM LETS GOOOOOOOO\Programming Languages\Project\vinyltracker\src\main\scala\classes\vinyls.scala. Using presentation compiler with project's scala-library version: 3.3.5
2025.04.28 12:46:49 ERROR scala.meta.internal.metals.debug.DiscoveryFailures$BuildTargetNotFoundForPathException: No build target could be found for the path: C:\Users\seton\OneDrive\School\FINALSEM LETS GOOOOOOOO\Programming Languages\Project\vinyltracker\src\main\scala\classes\vinyls.scala
	at scala.meta.internal.metals.debug.DebugDiscovery.validate(DebugDiscovery.scala:94)
	at scala.meta.internal.metals.debug.DebugDiscovery.debugDiscovery(DebugDiscovery.scala:170)
	at scala.meta.internal.metals.MetalsLspService.debugDiscovery(MetalsLspService.scala:1457)
	at scala.meta.internal.metals.WorkspaceLspService.executeCommand(WorkspaceLspService.scala:1101)
	at scala.meta.metals.lsp.DelegatingScalaService.executeCommand(DelegatingScalaService.scala:169)
	at jdk.internal.reflect.NativeMethodAccessorImpl.invoke0(Native Method)
	at jdk.internal.reflect.NativeMethodAccessorImpl.invoke(NativeMethodAccessorImpl.java:77)
	at jdk.internal.reflect.DelegatingMethodAccessorImpl.invoke(DelegatingMethodAccessorImpl.java:43)
	at java.lang.reflect.Method.invoke(Method.java:569)
	at org.eclipse.lsp4j.jsonrpc.services.GenericEndpoint.lambda$recursiveFindRpcMethods$0(GenericEndpoint.java:65)
	at org.eclipse.lsp4j.jsonrpc.services.GenericEndpoint.request(GenericEndpoint.java:128)
	at org.eclipse.lsp4j.jsonrpc.RemoteEndpoint.handleRequest(RemoteEndpoint.java:271)
	at org.eclipse.lsp4j.jsonrpc.RemoteEndpoint.consume(RemoteEndpoint.java:201)
	at org.eclipse.lsp4j.jsonrpc.json.StreamMessageProducer.handleMessage(StreamMessageProducer.java:185)
	at org.eclipse.lsp4j.jsonrpc.json.StreamMessageProducer.listen(StreamMessageProducer.java:97)
	at org.eclipse.lsp4j.jsonrpc.json.ConcurrentMessageProcessor.run(ConcurrentMessageProcessor.java:114)
	at java.util.concurrent.Executors$RunnableAdapter.call(Executors.java:539)
	at java.util.concurrent.FutureTask.run(FutureTask.java:264)
	at java.util.concurrent.ThreadPoolExecutor.runWorker(ThreadPoolExecutor.java:1136)
	at java.util.concurrent.ThreadPoolExecutor$Worker.run(ThreadPoolExecutor.java:635)
	at java.lang.Thread.run(Thread.java:840)

2025.04.28 12:46:48 INFO  no build target found for C:\Users\seton\OneDrive\School\FINALSEM LETS GOOOOOOOO\Programming Languages\Project\vinyltracker\src\main\scala\classes\vinyls.scala. Using presentation compiler with project's scala-library version: 3.3.5
Apr 28, 2025 12:46:49 PM org.eclipse.lsp4j.jsonrpc.RemoteEndpoint handleCancellation
WARNING: Unmatched cancel notification for request id 18
2025.04.28 12:46:48 INFO  no build target found for C:\Users\seton\OneDrive\School\FINALSEM LETS GOOOOOOOO\Programming Languages\Project\vinyltracker\src\main\scala\classes\vinyls.scala. Using presentation compiler with project's scala-library version: 3.3.5
2025.04.28 12:46:48 INFO  no build target found for C:\Users\seton\OneDrive\School\FINALSEM LETS GOOOOOOOO\Programming Languages\Project\vinyltracker\src\main\scala\classes\vinyls.scala. Using presentation compiler with project's scala-library version: 3.3.5
2025.04.28 12:46:49 ERROR scala.meta.internal.metals.debug.DiscoveryFailures$BuildTargetNotFoundForPathException: No build target could be found for the path: C:\Users\seton\OneDrive\School\FINALSEM LETS GOOOOOOOO\Programming Languages\Project\vinyltracker\src\main\scala\classes\vinyls.scala
	at scala.meta.internal.metals.debug.DebugDiscovery.validate(DebugDiscovery.scala:94)
	at scala.meta.internal.metals.debug.DebugDiscovery.debugDiscovery(DebugDiscovery.scala:170)
	at scala.meta.internal.metals.debug.DebugDiscovery.runCommandDiscovery(DebugDiscovery.scala:61)
	at scala.meta.internal.metals.MetalsLspService.discoverMainClasses(MetalsLspService.scala:1490)
	at scala.meta.internal.metals.WorkspaceLspService.executeCommand(WorkspaceLspService.scala:905)
	at scala.meta.metals.lsp.DelegatingScalaService.executeCommand(DelegatingScalaService.scala:169)
	at jdk.internal.reflect.NativeMethodAccessorImpl.invoke0(Native Method)
	at jdk.internal.reflect.NativeMethodAccessorImpl.invoke(NativeMethodAccessorImpl.java:77)
	at jdk.internal.reflect.DelegatingMethodAccessorImpl.invoke(DelegatingMethodAccessorImpl.java:43)
	at java.lang.reflect.Method.invoke(Method.java:569)
	at org.eclipse.lsp4j.jsonrpc.services.GenericEndpoint.lambda$recursiveFindRpcMethods$0(GenericEndpoint.java:65)
	at org.eclipse.lsp4j.jsonrpc.services.GenericEndpoint.request(GenericEndpoint.java:128)
	at org.eclipse.lsp4j.jsonrpc.RemoteEndpoint.handleRequest(RemoteEndpoint.java:271)
	at org.eclipse.lsp4j.jsonrpc.RemoteEndpoint.consume(RemoteEndpoint.java:201)
	at org.eclipse.lsp4j.jsonrpc.json.StreamMessageProducer.handleMessage(StreamMessageProducer.java:185)
	at org.eclipse.lsp4j.jsonrpc.json.StreamMessageProducer.listen(StreamMessageProducer.java:97)
	at org.eclipse.lsp4j.jsonrpc.json.ConcurrentMessageProcessor.run(ConcurrentMessageProcessor.java:114)
	at java.util.concurrent.Executors$RunnableAdapter.call(Executors.java:539)
	at java.util.concurrent.FutureTask.run(FutureTask.java:264)
	at java.util.concurrent.ThreadPoolExecutor.runWorker(ThreadPoolExecutor.java:1136)
	at java.util.concurrent.ThreadPoolExecutor$Worker.run(ThreadPoolExecutor.java:635)
	at java.lang.Thread.run(Thread.java:840)

2025.04.28 12:46:49 INFO  no build target found for C:\Users\seton\OneDrive\School\FINALSEM LETS GOOOOOOOO\Programming Languages\Project\vinyltracker\src\main\scala\classes\vinyls.scala. Using presentation compiler with project's scala-library version: 3.3.5
2025.04.28 12:46:48 WARN  no build target for: C:\Users\seton\OneDrive\School\FINALSEM LETS GOOOOOOOO\Programming Languages\Project\vinyltracker\src\main\scala\classes\vinyls.scala
2025.04.28 12:46:48 INFO  no build target found for C:\Users\seton\OneDrive\School\FINALSEM LETS GOOOOOOOO\Programming Languages\Project\vinyltracker\src\main\scala\classes\vinyls.scala. Using presentation compiler with project's scala-library version: 3.3.5
2025.04.28 12:46:48 ERROR scala.meta.internal.metals.debug.DiscoveryFailures$BuildTargetNotFoundForPathException: No build target could be found for the path: C:\Users\seton\OneDrive\School\FINALSEM LETS GOOOOOOOO\Programming Languages\Project\vinyltracker\src\main\scala\classes\vinyls.scala
	at scala.meta.internal.metals.debug.DebugDiscovery.validate(DebugDiscovery.scala:94)
	at scala.meta.internal.metals.debug.DebugDiscovery.debugDiscovery(DebugDiscovery.scala:170)
	at scala.meta.internal.metals.MetalsLspService.debugDiscovery(MetalsLspService.scala:1457)
	at scala.meta.internal.metals.WorkspaceLspService.executeCommand(WorkspaceLspService.scala:1101)
	at scala.meta.metals.lsp.DelegatingScalaService.executeCommand(DelegatingScalaService.scala:169)
	at jdk.internal.reflect.NativeMethodAccessorImpl.invoke0(Native Method)
	at jdk.internal.reflect.NativeMethodAccessorImpl.invoke(NativeMethodAccessorImpl.java:77)
	at jdk.internal.reflect.DelegatingMethodAccessorImpl.invoke(DelegatingMethodAccessorImpl.java:43)
	at java.lang.reflect.Method.invoke(Method.java:569)
	at org.eclipse.lsp4j.jsonrpc.services.GenericEndpoint.lambda$recursiveFindRpcMethods$0(GenericEndpoint.java:65)
	at org.eclipse.lsp4j.jsonrpc.services.GenericEndpoint.request(GenericEndpoint.java:128)
	at org.eclipse.lsp4j.jsonrpc.RemoteEndpoint.handleRequest(RemoteEndpoint.java:271)
	at org.eclipse.lsp4j.jsonrpc.RemoteEndpoint.consume(RemoteEndpoint.java:201)
	at org.eclipse.lsp4j.jsonrpc.json.StreamMessageProducer.handleMessage(StreamMessageProducer.java:185)
	at org.eclipse.lsp4j.jsonrpc.json.StreamMessageProducer.listen(StreamMessageProducer.java:97)
	at org.eclipse.lsp4j.jsonrpc.json.ConcurrentMessageProcessor.run(ConcurrentMessageProcessor.java:114)
	at java.util.concurrent.Executors$RunnableAdapter.call(Executors.java:539)
	at java.util.concurrent.FutureTask.run(FutureTask.java:264)
	at java.util.concurrent.ThreadPoolExecutor.runWorker(ThreadPoolExecutor.java:1136)
	at java.util.concurrent.ThreadPoolExecutor$Worker.run(ThreadPoolExecutor.java:635)
	at java.lang.Thread.run(Thread.java:840)

2025.04.28 12:46:49 INFO  no build target found for C:\Users\seton\OneDrive\School\FINALSEM LETS GOOOOOOOO\Programming Languages\Project\vinyltracker\src\main\scala\classes\vinyls.scala. Using presentation compiler with project's scala-library version: 3.3.5
2025.04.28 12:46:52 INFO  Running BSP server List(C:\Program Files\Eclipse Adoptium\jdk-21.0.6.7-hotspot/bin/java, -Xms100m, -Xmx100m, -classpath, C:\Program Files (x86)\sbt\\bin\sbt-launch.jar, -Dsbt.script=file://C:\Program%20Files%20(x86)\sbt\bin\sbt.bat, xsbt.boot.Boot, -bsp)
2025.04.28 12:46:52 ERROR Running process 'C:\Program Files\Eclipse Adoptium\jdk-21.0.6.7-hotspot/bin/java -Xms100m -Xmx100m -classpath C:\Program Files (x86)\sbt\\bin\sbt-launch.jar -Dsbt.script=file://C:\Program%20Files%20(x86)\sbt\bin\sbt.bat xsbt.boot.Boot -bsp' failed
java.io.IOException: Cannot run program "C:\Program Files\Eclipse Adoptium\jdk-21.0.6.7-hotspot/bin/java" (in directory "C:\Users\seton\OneDrive\School\FINALSEM LETS GOOOOOOOO\Programming Languages\Project\vinyltracker"): CreateProcess error=2, The system cannot find the file specified
	at java.lang.ProcessBuilder.start(ProcessBuilder.java:1143)
	at java.lang.ProcessBuilder.start(ProcessBuilder.java:1073)
	at scala.meta.internal.process.SystemProcess$.run(SystemProcess.scala:48)
	at scala.meta.internal.bsp.BspServers.newConnection$1(BspServers.scala:118)
	at scala.meta.internal.bsp.BspServers.$anonfun$newServer$8(BspServers.scala:161)
	at scala.meta.internal.metals.BuildServerConnection$.setupServer$1(BuildServerConnection.scala:601)
	at scala.meta.internal.metals.BuildServerConnection$.fromSockets(BuildServerConnection.scala:669)
	at scala.meta.internal.bsp.BspServers.newServer(BspServers.scala:156)
	at scala.meta.internal.bsp.BspConnector.$anonfun$connect$12(BspConnector.scala:136)
	at scala.concurrent.impl.Promise$Transformation.run(Promise.scala:470)
	at java.util.concurrent.ThreadPoolExecutor.runWorker(ThreadPoolExecutor.java:1136)
	at java.util.concurrent.ThreadPoolExecutor$Worker.run(ThreadPoolExecutor.java:635)
	at java.lang.Thread.run(Thread.java:840)
Caused by: java.io.IOException: CreateProcess error=2, The system cannot find the file specified
	at java.lang.ProcessImpl.create(Native Method)
	at java.lang.ProcessImpl.<init>(ProcessImpl.java:505)
	at java.lang.ProcessImpl.start(ProcessImpl.java:158)
	at java.lang.ProcessBuilder.start(ProcessBuilder.java:1110)
	at java.lang.ProcessBuilder.start(ProcessBuilder.java:1073)
	at scala.meta.internal.process.SystemProcess$.run(SystemProcess.scala:48)
	at scala.meta.internal.bsp.BspServers.newConnection$1(BspServers.scala:118)
	at scala.meta.internal.bsp.BspServers.$anonfun$newServer$8(BspServers.scala:161)
	at scala.meta.internal.metals.BuildServerConnection$.setupServer$1(BuildServerConnection.scala:601)
	at scala.meta.internal.metals.BuildServerConnection$.fromSockets(BuildServerConnection.scala:669)
	at scala.meta.internal.bsp.BspServers.newServer(BspServers.scala:156)
	at scala.meta.internal.bsp.BspConnector.$anonfun$connect$12(BspConnector.scala:136)
	at scala.concurrent.impl.Promise$Transformation.run(Promise.scala:470)
	at java.util.concurrent.ThreadPoolExecutor.runWorker(ThreadPoolExecutor.java:1136)
	at java.util.concurrent.ThreadPoolExecutor$Worker.run(ThreadPoolExecutor.java:635)
	at java.lang.Thread.run(Thread.java:840)

2025.04.28 12:46:54 INFO  tracing is disabled for protocol BSP, to enable tracing of incoming and outgoing JSON messages create an empty file at C:\Users\seton\OneDrive\School\FINALSEM LETS GOOOOOOOO\Programming Languages\Project\vinyltracker\.metals\bsp.trace.json or C:\Users\seton\AppData\Local\scalameta\metals\cache\bsp.trace.json
2025.04.28 12:47:11 INFO  no build target found for C:\Users\seton\OneDrive\School\FINALSEM LETS GOOOOOOOO\Programming Languages\Project\vinyltracker\src\main\scala\classes\vinyls.scala. Using presentation compiler with project's scala-library version: 3.3.5
2025.04.28 12:47:22 INFO  no build target found for C:\Users\seton\OneDrive\School\FINALSEM LETS GOOOOOOOO\Programming Languages\Project\vinyltracker\src\main\scala\classes\vinyls.scala. Using presentation compiler with project's scala-library version: 3.3.5
2025.04.28 12:47:24 INFO  no build target found for C:\Users\seton\OneDrive\School\FINALSEM LETS GOOOOOOOO\Programming Languages\Project\vinyltracker\src\main\scala\classes\vinyls.scala. Using presentation compiler with project's scala-library version: 3.3.5
2025.04.28 12:47:27 INFO  no build target found for C:\Users\seton\OneDrive\School\FINALSEM LETS GOOOOOOOO\Programming Languages\Project\vinyltracker\src\main\scala\classes\vinyls.scala. Using presentation compiler with project's scala-library version: 3.3.5
2025.04.28 12:47:32 INFO  no build target found for C:\Users\seton\OneDrive\School\FINALSEM LETS GOOOOOOOO\Programming Languages\Project\vinyltracker\src\main\scala\classes\vinyls.scala. Using presentation compiler with project's scala-library version: 3.3.5
2025.04.28 12:47:37 WARN  no build target for: C:\Users\seton\OneDrive\School\FINALSEM LETS GOOOOOOOO\Programming Languages\Project\vinyltracker\src\main\scala\classes\artist.scala
2025.04.28 12:47:37 INFO  no build target found for C:\Users\seton\OneDrive\School\FINALSEM LETS GOOOOOOOO\Programming Languages\Project\vinyltracker\src\main\scala\classes\artist.scala. Using presentation compiler with project's scala-library version: 3.3.5
2025.04.28 12:47:37 INFO  no build target found for C:\Users\seton\OneDrive\School\FINALSEM LETS GOOOOOOOO\Programming Languages\Project\vinyltracker\src\main\scala\classes\artist.scala. Using presentation compiler with project's scala-library version: 3.3.5
Apr 28, 2025 12:47:37 PM org.eclipse.lsp4j.jsonrpc.RemoteEndpoint handleCancellation
WARNING: Unmatched cancel notification for request id 44
2025.04.28 12:47:37 INFO  no build target found for C:\Users\seton\OneDrive\School\FINALSEM LETS GOOOOOOOO\Programming Languages\Project\vinyltracker\src\main\scala\classes\artist.scala. Using presentation compiler with project's scala-library version: 3.3.5
2025.04.28 12:47:37 WARN  no build target for: C:\Users\seton\OneDrive\School\FINALSEM LETS GOOOOOOOO\Programming Languages\Project\vinyltracker\src\main\scala\classes\genre.scala
2025.04.28 12:47:37 INFO  no build target found for C:\Users\seton\OneDrive\School\FINALSEM LETS GOOOOOOOO\Programming Languages\Project\vinyltracker\src\main\scala\classes\genre.scala. Using presentation compiler with project's scala-library version: 3.3.5
2025.04.28 12:47:38 INFO  no build target found for C:\Users\seton\OneDrive\School\FINALSEM LETS GOOOOOOOO\Programming Languages\Project\vinyltracker\src\main\scala\classes\genre.scala. Using presentation compiler with project's scala-library version: 3.3.5
2025.04.28 12:47:38 INFO  no build target found for C:\Users\seton\OneDrive\School\FINALSEM LETS GOOOOOOOO\Programming Languages\Project\vinyltracker\src\main\scala\classes\genre.scala. Using presentation compiler with project's scala-library version: 3.3.5
2025.04.28 12:47:40 INFO  no build target found for C:\Users\seton\OneDrive\School\FINALSEM LETS GOOOOOOOO\Programming Languages\Project\vinyltracker\src\main\scala\classes\genre.scala. Using presentation compiler with project's scala-library version: 3.3.5
2025.04.28 12:47:42 WARN  no build target for: C:\Users\seton\OneDrive\School\FINALSEM LETS GOOOOOOOO\Programming Languages\Project\vinyltracker\src\main\scala\classes\vinyls.scala
2025.04.28 12:47:42 INFO  no build target found for C:\Users\seton\OneDrive\School\FINALSEM LETS GOOOOOOOO\Programming Languages\Project\vinyltracker\src\main\scala\classes\vinyls.scala. Using presentation compiler with project's scala-library version: 3.3.5
2025.04.28 12:47:42 INFO  no build target found for C:\Users\seton\OneDrive\School\FINALSEM LETS GOOOOOOOO\Programming Languages\Project\vinyltracker\src\main\scala\classes\vinyls.scala. Using presentation compiler with project's scala-library version: 3.3.5
2025.04.28 12:47:42 INFO  no build target found for C:\Users\seton\OneDrive\School\FINALSEM LETS GOOOOOOOO\Programming Languages\Project\vinyltracker\src\main\scala\classes\vinyls.scala. Using presentation compiler with project's scala-library version: 3.3.5
2025.04.28 12:47:45 WARN  no build target for: C:\Users\seton\OneDrive\School\FINALSEM LETS GOOOOOOOO\Programming Languages\Project\vinyltracker\src\main\scala\classes\artist.scala
2025.04.28 12:47:45 INFO  no build target found for C:\Users\seton\OneDrive\School\FINALSEM LETS GOOOOOOOO\Programming Languages\Project\vinyltracker\src\main\scala\classes\artist.scala. Using presentation compiler with project's scala-library version: 3.3.5
2025.04.28 12:47:45 INFO  no build target found for C:\Users\seton\OneDrive\School\FINALSEM LETS GOOOOOOOO\Programming Languages\Project\vinyltracker\src\main\scala\classes\artist.scala. Using presentation compiler with project's scala-library version: 3.3.5
2025.04.28 12:47:45 INFO  no build target found for C:\Users\seton\OneDrive\School\FINALSEM LETS GOOOOOOOO\Programming Languages\Project\vinyltracker\src\main\scala\classes\artist.scala. Using presentation compiler with project's scala-library version: 3.3.5
2025.04.28 12:47:46 WARN  no build target for: C:\Users\seton\OneDrive\School\FINALSEM LETS GOOOOOOOO\Programming Languages\Project\vinyltracker\src\main\scala\classes\vinyls.scala
2025.04.28 12:47:45 INFO  no build target found for C:\Users\seton\OneDrive\School\FINALSEM LETS GOOOOOOOO\Programming Languages\Project\vinyltracker\src\main\scala\classes\vinyls.scala. Using presentation compiler with project's scala-library version: 3.3.5
2025.04.28 12:47:45 INFO  no build target found for C:\Users\seton\OneDrive\School\FINALSEM LETS GOOOOOOOO\Programming Languages\Project\vinyltracker\src\main\scala\classes\vinyls.scala. Using presentation compiler with project's scala-library version: 3.3.5
2025.04.28 12:47:45 INFO  no build target found for C:\Users\seton\OneDrive\School\FINALSEM LETS GOOOOOOOO\Programming Languages\Project\vinyltracker\src\main\scala\classes\vinyls.scala. Using presentation compiler with project's scala-library version: 3.3.5
2025.04.28 12:47:47 INFO  no build target found for C:\Users\seton\OneDrive\School\FINALSEM LETS GOOOOOOOO\Programming Languages\Project\vinyltracker\src\main\scala\classes\vinyls.scala. Using presentation compiler with project's scala-library version: 3.3.5
2025.04.28 12:47:47 INFO  no build target found for C:\Users\seton\OneDrive\School\FINALSEM LETS GOOOOOOOO\Programming Languages\Project\vinyltracker\src\main\scala\classes\vinyls.scala. Using presentation compiler with project's scala-library version: 3.3.5
2025.04.28 12:47:47 INFO  no build target found for C:\Users\seton\OneDrive\School\FINALSEM LETS GOOOOOOOO\Programming Languages\Project\vinyltracker\src\main\scala\classes\vinyls.scala. Using presentation compiler with project's scala-library version: 3.3.5
2025.04.28 12:47:47 INFO  no build target found for C:\Users\seton\OneDrive\School\FINALSEM LETS GOOOOOOOO\Programming Languages\Project\vinyltracker\src\main\scala\classes\vinyls.scala. Using presentation compiler with project's scala-library version: 3.3.5
2025.04.28 12:47:48 INFO  no build target found for C:\Users\seton\OneDrive\School\FINALSEM LETS GOOOOOOOO\Programming Languages\Project\vinyltracker\src\main\scala\classes\vinyls.scala. Using presentation compiler with project's scala-library version: 3.3.5
2025.04.28 12:47:48 INFO  no build target found for C:\Users\seton\OneDrive\School\FINALSEM LETS GOOOOOOOO\Programming Languages\Project\vinyltracker\src\main\scala\classes\vinyls.scala. Using presentation compiler with project's scala-library version: 3.3.5
2025.04.28 12:47:49 INFO  no build target found for C:\Users\seton\OneDrive\School\FINALSEM LETS GOOOOOOOO\Programming Languages\Project\vinyltracker\src\main\scala\classes\vinyls.scala. Using presentation compiler with project's scala-library version: 3.3.5
2025.04.28 12:47:49 INFO  no build target found for C:\Users\seton\OneDrive\School\FINALSEM LETS GOOOOOOOO\Programming Languages\Project\vinyltracker\src\main\scala\classes\vinyls.scala. Using presentation compiler with project's scala-library version: 3.3.5
2025.04.28 12:47:49 INFO  no build target found for C:\Users\seton\OneDrive\School\FINALSEM LETS GOOOOOOOO\Programming Languages\Project\vinyltracker\src\main\scala\classes\vinyls.scala. Using presentation compiler with project's scala-library version: 3.3.5
2025.04.28 12:47:49 INFO  no build target found for C:\Users\seton\OneDrive\School\FINALSEM LETS GOOOOOOOO\Programming Languages\Project\vinyltracker\src\main\scala\classes\vinyls.scala. Using presentation compiler with project's scala-library version: 3.3.5
2025.04.28 12:47:50 INFO  no build target found for C:\Users\seton\OneDrive\School\FINALSEM LETS GOOOOOOOO\Programming Languages\Project\vinyltracker\src\main\scala\classes\vinyls.scala. Using presentation compiler with project's scala-library version: 3.3.5
2025.04.28 12:47:51 WARN  no build target for: C:\Users\seton\OneDrive\School\FINALSEM LETS GOOOOOOOO\Programming Languages\Project\vinyltracker\src\main\scala\classes\vinyls.scala
2025.04.28 12:47:51 INFO  no build target found for C:\Users\seton\OneDrive\School\FINALSEM LETS GOOOOOOOO\Programming Languages\Project\vinyltracker\src\main\scala\classes\vinyls.scala. Using presentation compiler with project's scala-library version: 3.3.5
2025.04.28 12:47:51 INFO  no build target found for C:\Users\seton\OneDrive\School\FINALSEM LETS GOOOOOOOO\Programming Languages\Project\vinyltracker\src\main\scala\classes\vinyls.scala. Using presentation compiler with project's scala-library version: 3.3.5
2025.04.28 12:47:52 INFO  no build target found for C:\Users\seton\OneDrive\School\FINALSEM LETS GOOOOOOOO\Programming Languages\Project\vinyltracker\src\main\scala\classes\vinyls.scala. Using presentation compiler with project's scala-library version: 3.3.5
2025.04.28 12:47:52 INFO  no build target found for C:\Users\seton\OneDrive\School\FINALSEM LETS GOOOOOOOO\Programming Languages\Project\vinyltracker\src\main\scala\classes\vinyls.scala. Using presentation compiler with project's scala-library version: 3.3.5
2025.04.28 12:47:53 INFO  no build target found for C:\Users\seton\OneDrive\School\FINALSEM LETS GOOOOOOOO\Programming Languages\Project\vinyltracker\src\main\scala\classes\vinyls.scala. Using presentation compiler with project's scala-library version: 3.3.5
2025.04.28 12:47:53 INFO  no build target found for C:\Users\seton\OneDrive\School\FINALSEM LETS GOOOOOOOO\Programming Languages\Project\vinyltracker\src\main\scala\classes\vinyls.scala. Using presentation compiler with project's scala-library version: 3.3.5
2025.04.28 12:47:53 INFO  no build target found for C:\Users\seton\OneDrive\School\FINALSEM LETS GOOOOOOOO\Programming Languages\Project\vinyltracker\src\main\scala\classes\vinyls.scala. Using presentation compiler with project's scala-library version: 3.3.5
2025.04.28 12:47:53 INFO  no build target found for C:\Users\seton\OneDrive\School\FINALSEM LETS GOOOOOOOO\Programming Languages\Project\vinyltracker\src\main\scala\classes\vinyls.scala. Using presentation compiler with project's scala-library version: 3.3.5
2025.04.28 12:47:53 INFO  no build target found for C:\Users\seton\OneDrive\School\FINALSEM LETS GOOOOOOOO\Programming Languages\Project\vinyltracker\src\main\scala\classes\vinyls.scala. Using presentation compiler with project's scala-library version: 3.3.5
2025.04.28 12:47:53 INFO  no build target found for C:\Users\seton\OneDrive\School\FINALSEM LETS GOOOOOOOO\Programming Languages\Project\vinyltracker\src\main\scala\classes\vinyls.scala. Using presentation compiler with project's scala-library version: 3.3.5
2025.04.28 12:47:54 ERROR Timeout waiting for 'build/initialize' response
2025.04.28 12:47:54 WARN  Retrying connection to the build server sbt
2025.04.28 12:47:54 INFO  Running BSP server List(C:\Program Files\Eclipse Adoptium\jdk-21.0.6.7-hotspot/bin/java, -Xms100m, -Xmx100m, -classpath, C:\Program Files (x86)\sbt\\bin\sbt-launch.jar, -Dsbt.script=file://C:\Program%20Files%20(x86)\sbt\bin\sbt.bat, xsbt.boot.Boot, -bsp)
2025.04.28 12:47:54 ERROR Running process 'C:\Program Files\Eclipse Adoptium\jdk-21.0.6.7-hotspot/bin/java -Xms100m -Xmx100m -classpath C:\Program Files (x86)\sbt\\bin\sbt-launch.jar -Dsbt.script=file://C:\Program%20Files%20(x86)\sbt\bin\sbt.bat xsbt.boot.Boot -bsp' failed
java.io.IOException: Cannot run program "C:\Program Files\Eclipse Adoptium\jdk-21.0.6.7-hotspot/bin/java" (in directory "C:\Users\seton\OneDrive\School\FINALSEM LETS GOOOOOOOO\Programming Languages\Project\vinyltracker"): CreateProcess error=2, The system cannot find the file specified
	at java.lang.ProcessBuilder.start(ProcessBuilder.java:1143)
	at java.lang.ProcessBuilder.start(ProcessBuilder.java:1073)
	at scala.meta.internal.process.SystemProcess$.run(SystemProcess.scala:48)
	at scala.meta.internal.bsp.BspServers.newConnection$1(BspServers.scala:118)
	at scala.meta.internal.bsp.BspServers.$anonfun$newServer$8(BspServers.scala:161)
	at scala.meta.internal.metals.BuildServerConnection$.setupServer$1(BuildServerConnection.scala:601)
	at scala.meta.internal.metals.BuildServerConnection$.fromSockets(BuildServerConnection.scala:669)
	at scala.meta.internal.metals.BuildServerConnection$$anonfun$fromSockets$17.applyOrElse(BuildServerConnection.scala:686)
	at scala.meta.internal.metals.BuildServerConnection$$anonfun$fromSockets$17.applyOrElse(BuildServerConnection.scala:683)
	at scala.concurrent.impl.Promise$Transformation.run(Promise.scala:490)
	at java.util.concurrent.ThreadPoolExecutor.runWorker(ThreadPoolExecutor.java:1136)
	at java.util.concurrent.ThreadPoolExecutor$Worker.run(ThreadPoolExecutor.java:635)
	at java.lang.Thread.run(Thread.java:840)
Caused by: java.io.IOException: CreateProcess error=2, The system cannot find the file specified
	at java.lang.ProcessImpl.create(Native Method)
	at java.lang.ProcessImpl.<init>(ProcessImpl.java:505)
	at java.lang.ProcessImpl.start(ProcessImpl.java:158)
	at java.lang.ProcessBuilder.start(ProcessBuilder.java:1110)
	at java.lang.ProcessBuilder.start(ProcessBuilder.java:1073)
	at scala.meta.internal.process.SystemProcess$.run(SystemProcess.scala:48)
	at scala.meta.internal.bsp.BspServers.newConnection$1(BspServers.scala:118)
	at scala.meta.internal.bsp.BspServers.$anonfun$newServer$8(BspServers.scala:161)
	at scala.meta.internal.metals.BuildServerConnection$.setupServer$1(BuildServerConnection.scala:601)
	at scala.meta.internal.metals.BuildServerConnection$.fromSockets(BuildServerConnection.scala:669)
	at scala.meta.internal.metals.BuildServerConnection$$anonfun$fromSockets$17.applyOrElse(BuildServerConnection.scala:686)
	at scala.meta.internal.metals.BuildServerConnection$$anonfun$fromSockets$17.applyOrElse(BuildServerConnection.scala:683)
	at scala.concurrent.impl.Promise$Transformation.run(Promise.scala:490)
	at java.util.concurrent.ThreadPoolExecutor.runWorker(ThreadPoolExecutor.java:1136)
	at java.util.concurrent.ThreadPoolExecutor$Worker.run(ThreadPoolExecutor.java:635)
	at java.lang.Thread.run(Thread.java:840)

2025.04.28 12:47:54 INFO  no build target found for C:\Users\seton\OneDrive\School\FINALSEM LETS GOOOOOOOO\Programming Languages\Project\vinyltracker\src\main\scala\classes\vinyls.scala. Using presentation compiler with project's scala-library version: 3.3.5
2025.04.28 12:47:54 INFO  no build target found for C:\Users\seton\OneDrive\School\FINALSEM LETS GOOOOOOOO\Programming Languages\Project\vinyltracker\src\main\scala\classes\vinyls.scala. Using presentation compiler with project's scala-library version: 3.3.5
2025.04.28 12:47:54 INFO  no build target found for C:\Users\seton\OneDrive\School\FINALSEM LETS GOOOOOOOO\Programming Languages\Project\vinyltracker\src\main\scala\classes\vinyls.scala. Using presentation compiler with project's scala-library version: 3.3.5
2025.04.28 12:47:54 INFO  no build target found for C:\Users\seton\OneDrive\School\FINALSEM LETS GOOOOOOOO\Programming Languages\Project\vinyltracker\src\main\scala\classes\vinyls.scala. Using presentation compiler with project's scala-library version: 3.3.5
2025.04.28 12:47:54 INFO  no build target found for C:\Users\seton\OneDrive\School\FINALSEM LETS GOOOOOOOO\Programming Languages\Project\vinyltracker\src\main\scala\classes\vinyls.scala. Using presentation compiler with project's scala-library version: 3.3.5
2025.04.28 12:47:54 INFO  no build target found for C:\Users\seton\OneDrive\School\FINALSEM LETS GOOOOOOOO\Programming Languages\Project\vinyltracker\src\main\scala\classes\vinyls.scala. Using presentation compiler with project's scala-library version: 3.3.5
2025.04.28 12:47:55 WARN  no build target for: C:\Users\seton\OneDrive\School\FINALSEM LETS GOOOOOOOO\Programming Languages\Project\vinyltracker\src\main\scala\classes\vinyls.scala
2025.04.28 12:47:55 INFO  no build target found for C:\Users\seton\OneDrive\School\FINALSEM LETS GOOOOOOOO\Programming Languages\Project\vinyltracker\src\main\scala\classes\vinyls.scala. Using presentation compiler with project's scala-library version: 3.3.5
2025.04.28 12:47:54 INFO  no build target found for C:\Users\seton\OneDrive\School\FINALSEM LETS GOOOOOOOO\Programming Languages\Project\vinyltracker\src\main\scala\classes\vinyls.scala. Using presentation compiler with project's scala-library version: 3.3.5
2025.04.28 12:47:55 INFO  tracing is disabled for protocol BSP, to enable tracing of incoming and outgoing JSON messages create an empty file at C:\Users\seton\OneDrive\School\FINALSEM LETS GOOOOOOOO\Programming Languages\Project\vinyltracker\.metals\bsp.trace.json or C:\Users\seton\AppData\Local\scalameta\metals\cache\bsp.trace.json
2025.04.28 12:47:56 INFO  no build target found for C:\Users\seton\OneDrive\School\FINALSEM LETS GOOOOOOOO\Programming Languages\Project\vinyltracker\src\main\scala\classes\vinyls.scala. Using presentation compiler with project's scala-library version: 3.3.5
2025.04.28 12:47:57 INFO  no build target found for C:\Users\seton\OneDrive\School\FINALSEM LETS GOOOOOOOO\Programming Languages\Project\vinyltracker\src\main\scala\classes\vinyls.scala. Using presentation compiler with project's scala-library version: 3.3.5
2025.04.28 12:47:57 INFO  no build target found for C:\Users\seton\OneDrive\School\FINALSEM LETS GOOOOOOOO\Programming Languages\Project\vinyltracker\src\main\scala\classes\vinyls.scala. Using presentation compiler with project's scala-library version: 3.3.5
2025.04.28 12:47:59 INFO  no build target found for C:\Users\seton\OneDrive\School\FINALSEM LETS GOOOOOOOO\Programming Languages\Project\vinyltracker\src\main\scala\classes\vinyls.scala. Using presentation compiler with project's scala-library version: 3.3.5
2025.04.28 12:47:59 INFO  no build target found for C:\Users\seton\OneDrive\School\FINALSEM LETS GOOOOOOOO\Programming Languages\Project\vinyltracker\src\main\scala\classes\vinyls.scala. Using presentation compiler with project's scala-library version: 3.3.5
2025.04.28 12:47:59 INFO  no build target found for C:\Users\seton\OneDrive\School\FINALSEM LETS GOOOOOOOO\Programming Languages\Project\vinyltracker\src\main\scala\classes\vinyls.scala. Using presentation compiler with project's scala-library version: 3.3.5
2025.04.28 12:47:59 INFO  no build target found for C:\Users\seton\OneDrive\School\FINALSEM LETS GOOOOOOOO\Programming Languages\Project\vinyltracker\src\main\scala\classes\vinyls.scala. Using presentation compiler with project's scala-library version: 3.3.5
2025.04.28 12:47:59 INFO  no build target found for C:\Users\seton\OneDrive\School\FINALSEM LETS GOOOOOOOO\Programming Languages\Project\vinyltracker\src\main\scala\classes\vinyls.scala. Using presentation compiler with project's scala-library version: 3.3.5
2025.04.28 12:47:59 INFO  no build target found for C:\Users\seton\OneDrive\School\FINALSEM LETS GOOOOOOOO\Programming Languages\Project\vinyltracker\src\main\scala\classes\vinyls.scala. Using presentation compiler with project's scala-library version: 3.3.5
2025.04.28 12:47:59 INFO  no build target found for C:\Users\seton\OneDrive\School\FINALSEM LETS GOOOOOOOO\Programming Languages\Project\vinyltracker\src\main\scala\classes\vinyls.scala. Using presentation compiler with project's scala-library version: 3.3.5
2025.04.28 12:47:59 INFO  no build target found for C:\Users\seton\OneDrive\School\FINALSEM LETS GOOOOOOOO\Programming Languages\Project\vinyltracker\src\main\scala\classes\vinyls.scala. Using presentation compiler with project's scala-library version: 3.3.5
2025.04.28 12:47:59 INFO  no build target found for C:\Users\seton\OneDrive\School\FINALSEM LETS GOOOOOOOO\Programming Languages\Project\vinyltracker\src\main\scala\classes\vinyls.scala. Using presentation compiler with project's scala-library version: 3.3.5
2025.04.28 12:47:59 INFO  no build target found for C:\Users\seton\OneDrive\School\FINALSEM LETS GOOOOOOOO\Programming Languages\Project\vinyltracker\src\main\scala\classes\vinyls.scala. Using presentation compiler with project's scala-library version: 3.3.5
2025.04.28 12:48:00 INFO  no build target found for C:\Users\seton\OneDrive\School\FINALSEM LETS GOOOOOOOO\Programming Languages\Project\vinyltracker\src\main\scala\classes\vinyls.scala. Using presentation compiler with project's scala-library version: 3.3.5
2025.04.28 12:48:00 INFO  no build target found for C:\Users\seton\OneDrive\School\FINALSEM LETS GOOOOOOOO\Programming Languages\Project\vinyltracker\src\main\scala\classes\vinyls.scala. Using presentation compiler with project's scala-library version: 3.3.5
2025.04.28 12:48:00 INFO  no build target found for C:\Users\seton\OneDrive\School\FINALSEM LETS GOOOOOOOO\Programming Languages\Project\vinyltracker\src\main\scala\classes\vinyls.scala. Using presentation compiler with project's scala-library version: 3.3.5
2025.04.28 12:48:00 INFO  no build target found for C:\Users\seton\OneDrive\School\FINALSEM LETS GOOOOOOOO\Programming Languages\Project\vinyltracker\src\main\scala\classes\vinyls.scala. Using presentation compiler with project's scala-library version: 3.3.5
2025.04.28 12:48:00 INFO  no build target found for C:\Users\seton\OneDrive\School\FINALSEM LETS GOOOOOOOO\Programming Languages\Project\vinyltracker\src\main\scala\classes\vinyls.scala. Using presentation compiler with project's scala-library version: 3.3.5
2025.04.28 12:48:00 INFO  no build target found for C:\Users\seton\OneDrive\School\FINALSEM LETS GOOOOOOOO\Programming Languages\Project\vinyltracker\src\main\scala\classes\vinyls.scala. Using presentation compiler with project's scala-library version: 3.3.5
2025.04.28 12:48:00 INFO  no build target found for C:\Users\seton\OneDrive\School\FINALSEM LETS GOOOOOOOO\Programming Languages\Project\vinyltracker\src\main\scala\classes\vinyls.scala. Using presentation compiler with project's scala-library version: 3.3.5
2025.04.28 12:48:00 INFO  no build target found for C:\Users\seton\OneDrive\School\FINALSEM LETS GOOOOOOOO\Programming Languages\Project\vinyltracker\src\main\scala\classes\vinyls.scala. Using presentation compiler with project's scala-library version: 3.3.5
2025.04.28 12:48:00 INFO  no build target found for C:\Users\seton\OneDrive\School\FINALSEM LETS GOOOOOOOO\Programming Languages\Project\vinyltracker\src\main\scala\classes\vinyls.scala. Using presentation compiler with project's scala-library version: 3.3.5
2025.04.28 12:48:01 INFO  no build target found for C:\Users\seton\OneDrive\School\FINALSEM LETS GOOOOOOOO\Programming Languages\Project\vinyltracker\src\main\scala\classes\vinyls.scala. Using presentation compiler with project's scala-library version: 3.3.5
2025.04.28 12:48:02 INFO  no build target found for C:\Users\seton\OneDrive\School\FINALSEM LETS GOOOOOOOO\Programming Languages\Project\vinyltracker\src\main\scala\classes\vinyls.scala. Using presentation compiler with project's scala-library version: 3.3.5
2025.04.28 12:48:02 INFO  no build target found for C:\Users\seton\OneDrive\School\FINALSEM LETS GOOOOOOOO\Programming Languages\Project\vinyltracker\src\main\scala\classes\vinyls.scala. Using presentation compiler with project's scala-library version: 3.3.5
2025.04.28 12:48:02 INFO  no build target found for C:\Users\seton\OneDrive\School\FINALSEM LETS GOOOOOOOO\Programming Languages\Project\vinyltracker\src\main\scala\classes\vinyls.scala. Using presentation compiler with project's scala-library version: 3.3.5
2025.04.28 12:48:02 INFO  no build target found for C:\Users\seton\OneDrive\School\FINALSEM LETS GOOOOOOOO\Programming Languages\Project\vinyltracker\src\main\scala\classes\vinyls.scala. Using presentation compiler with project's scala-library version: 3.3.5
2025.04.28 12:48:02 INFO  no build target found for C:\Users\seton\OneDrive\School\FINALSEM LETS GOOOOOOOO\Programming Languages\Project\vinyltracker\src\main\scala\classes\vinyls.scala. Using presentation compiler with project's scala-library version: 3.3.5
2025.04.28 12:48:03 INFO  no build target found for C:\Users\seton\OneDrive\School\FINALSEM LETS GOOOOOOOO\Programming Languages\Project\vinyltracker\src\main\scala\classes\vinyls.scala. Using presentation compiler with project's scala-library version: 3.3.5
2025.04.28 12:48:03 INFO  no build target found for C:\Users\seton\OneDrive\School\FINALSEM LETS GOOOOOOOO\Programming Languages\Project\vinyltracker\src\main\scala\classes\vinyls.scala. Using presentation compiler with project's scala-library version: 3.3.5
2025.04.28 12:48:03 INFO  no build target found for C:\Users\seton\OneDrive\School\FINALSEM LETS GOOOOOOOO\Programming Languages\Project\vinyltracker\src\main\scala\classes\vinyls.scala. Using presentation compiler with project's scala-library version: 3.3.5
2025.04.28 12:48:03 INFO  no build target found for C:\Users\seton\OneDrive\School\FINALSEM LETS GOOOOOOOO\Programming Languages\Project\vinyltracker\src\main\scala\classes\vinyls.scala. Using presentation compiler with project's scala-library version: 3.3.5
2025.04.28 12:48:03 INFO  no build target found for C:\Users\seton\OneDrive\School\FINALSEM LETS GOOOOOOOO\Programming Languages\Project\vinyltracker\src\main\scala\classes\vinyls.scala. Using presentation compiler with project's scala-library version: 3.3.5
2025.04.28 12:48:03 INFO  no build target found for C:\Users\seton\OneDrive\School\FINALSEM LETS GOOOOOOOO\Programming Languages\Project\vinyltracker\src\main\scala\classes\vinyls.scala. Using presentation compiler with project's scala-library version: 3.3.5
2025.04.28 12:48:03 INFO  no build target found for C:\Users\seton\OneDrive\School\FINALSEM LETS GOOOOOOOO\Programming Languages\Project\vinyltracker\src\main\scala\classes\vinyls.scala. Using presentation compiler with project's scala-library version: 3.3.5
2025.04.28 12:48:03 INFO  no build target found for C:\Users\seton\OneDrive\School\FINALSEM LETS GOOOOOOOO\Programming Languages\Project\vinyltracker\src\main\scala\classes\vinyls.scala. Using presentation compiler with project's scala-library version: 3.3.5
2025.04.28 12:48:03 INFO  no build target found for C:\Users\seton\OneDrive\School\FINALSEM LETS GOOOOOOOO\Programming Languages\Project\vinyltracker\src\main\scala\classes\vinyls.scala. Using presentation compiler with project's scala-library version: 3.3.5
2025.04.28 12:48:03 INFO  no build target found for C:\Users\seton\OneDrive\School\FINALSEM LETS GOOOOOOOO\Programming Languages\Project\vinyltracker\src\main\scala\classes\vinyls.scala. Using presentation compiler with project's scala-library version: 3.3.5
2025.04.28 12:48:03 INFO  no build target found for C:\Users\seton\OneDrive\School\FINALSEM LETS GOOOOOOOO\Programming Languages\Project\vinyltracker\src\main\scala\classes\vinyls.scala. Using presentation compiler with project's scala-library version: 3.3.5
2025.04.28 12:48:04 INFO  no build target found for C:\Users\seton\OneDrive\School\FINALSEM LETS GOOOOOOOO\Programming Languages\Project\vinyltracker\src\main\scala\classes\vinyls.scala. Using presentation compiler with project's scala-library version: 3.3.5
2025.04.28 12:48:03 INFO  no build target found for C:\Users\seton\OneDrive\School\FINALSEM LETS GOOOOOOOO\Programming Languages\Project\vinyltracker\src\main\scala\classes\vinyls.scala. Using presentation compiler with project's scala-library version: 3.3.5
2025.04.28 12:48:03 INFO  no build target found for C:\Users\seton\OneDrive\School\FINALSEM LETS GOOOOOOOO\Programming Languages\Project\vinyltracker\src\main\scala\classes\vinyls.scala. Using presentation compiler with project's scala-library version: 3.3.5
2025.04.28 12:48:04 INFO  no build target found for C:\Users\seton\OneDrive\School\FINALSEM LETS GOOOOOOOO\Programming Languages\Project\vinyltracker\src\main\scala\classes\vinyls.scala. Using presentation compiler with project's scala-library version: 3.3.5
Apr 28, 2025 12:48:04 PM org.eclipse.lsp4j.jsonrpc.RemoteEndpoint handleCancellation
WARNING: Unmatched cancel notification for request id 191
2025.04.28 12:48:04 INFO  no build target found for C:\Users\seton\OneDrive\School\FINALSEM LETS GOOOOOOOO\Programming Languages\Project\vinyltracker\src\main\scala\classes\vinyls.scala. Using presentation compiler with project's scala-library version: 3.3.5
Apr 28, 2025 12:48:04 PM org.eclipse.lsp4j.jsonrpc.RemoteEndpoint handleCancellation
WARNING: Unmatched cancel notification for request id 192
2025.04.28 12:48:04 INFO  no build target found for C:\Users\seton\OneDrive\School\FINALSEM LETS GOOOOOOOO\Programming Languages\Project\vinyltracker\src\main\scala\classes\vinyls.scala. Using presentation compiler with project's scala-library version: 3.3.5
2025.04.28 12:48:04 INFO  no build target found for C:\Users\seton\OneDrive\School\FINALSEM LETS GOOOOOOOO\Programming Languages\Project\vinyltracker\src\main\scala\classes\vinyls.scala. Using presentation compiler with project's scala-library version: 3.3.5
2025.04.28 12:48:04 INFO  no build target found for C:\Users\seton\OneDrive\School\FINALSEM LETS GOOOOOOOO\Programming Languages\Project\vinyltracker\src\main\scala\classes\vinyls.scala. Using presentation compiler with project's scala-library version: 3.3.5
2025.04.28 12:48:04 INFO  no build target found for C:\Users\seton\OneDrive\School\FINALSEM LETS GOOOOOOOO\Programming Languages\Project\vinyltracker\src\main\scala\classes\vinyls.scala. Using presentation compiler with project's scala-library version: 3.3.5
2025.04.28 12:48:04 INFO  no build target found for C:\Users\seton\OneDrive\School\FINALSEM LETS GOOOOOOOO\Programming Languages\Project\vinyltracker\src\main\scala\classes\vinyls.scala. Using presentation compiler with project's scala-library version: 3.3.5
2025.04.28 12:48:04 INFO  no build target found for C:\Users\seton\OneDrive\School\FINALSEM LETS GOOOOOOOO\Programming Languages\Project\vinyltracker\src\main\scala\classes\vinyls.scala. Using presentation compiler with project's scala-library version: 3.3.5
2025.04.28 12:48:04 INFO  no build target found for C:\Users\seton\OneDrive\School\FINALSEM LETS GOOOOOOOO\Programming Languages\Project\vinyltracker\src\main\scala\classes\vinyls.scala. Using presentation compiler with project's scala-library version: 3.3.5
2025.04.28 12:48:04 INFO  no build target found for C:\Users\seton\OneDrive\School\FINALSEM LETS GOOOOOOOO\Programming Languages\Project\vinyltracker\src\main\scala\classes\vinyls.scala. Using presentation compiler with project's scala-library version: 3.3.5
2025.04.28 12:48:06 INFO  no build target found for C:\Users\seton\OneDrive\School\FINALSEM LETS GOOOOOOOO\Programming Languages\Project\vinyltracker\src\main\scala\classes\vinyls.scala. Using presentation compiler with project's scala-library version: 3.3.5
2025.04.28 12:48:06 INFO  no build target found for C:\Users\seton\OneDrive\School\FINALSEM LETS GOOOOOOOO\Programming Languages\Project\vinyltracker\src\main\scala\classes\vinyls.scala. Using presentation compiler with project's scala-library version: 3.3.5
2025.04.28 12:48:06 INFO  no build target found for C:\Users\seton\OneDrive\School\FINALSEM LETS GOOOOOOOO\Programming Languages\Project\vinyltracker\src\main\scala\classes\vinyls.scala. Using presentation compiler with project's scala-library version: 3.3.5
2025.04.28 12:48:06 INFO  no build target found for C:\Users\seton\OneDrive\School\FINALSEM LETS GOOOOOOOO\Programming Languages\Project\vinyltracker\src\main\scala\classes\vinyls.scala. Using presentation compiler with project's scala-library version: 3.3.5
2025.04.28 12:48:06 INFO  no build target found for C:\Users\seton\OneDrive\School\FINALSEM LETS GOOOOOOOO\Programming Languages\Project\vinyltracker\src\main\scala\classes\vinyls.scala. Using presentation compiler with project's scala-library version: 3.3.5
2025.04.28 12:48:06 INFO  no build target found for C:\Users\seton\OneDrive\School\FINALSEM LETS GOOOOOOOO\Programming Languages\Project\vinyltracker\src\main\scala\classes\vinyls.scala. Using presentation compiler with project's scala-library version: 3.3.5
2025.04.28 12:48:06 INFO  no build target found for C:\Users\seton\OneDrive\School\FINALSEM LETS GOOOOOOOO\Programming Languages\Project\vinyltracker\src\main\scala\classes\vinyls.scala. Using presentation compiler with project's scala-library version: 3.3.5
2025.04.28 12:48:06 INFO  no build target found for C:\Users\seton\OneDrive\School\FINALSEM LETS GOOOOOOOO\Programming Languages\Project\vinyltracker\src\main\scala\classes\vinyls.scala. Using presentation compiler with project's scala-library version: 3.3.5
2025.04.28 12:48:06 INFO  no build target found for C:\Users\seton\OneDrive\School\FINALSEM LETS GOOOOOOOO\Programming Languages\Project\vinyltracker\src\main\scala\classes\vinyls.scala. Using presentation compiler with project's scala-library version: 3.3.5
2025.04.28 12:48:06 INFO  no build target found for C:\Users\seton\OneDrive\School\FINALSEM LETS GOOOOOOOO\Programming Languages\Project\vinyltracker\src\main\scala\classes\vinyls.scala. Using presentation compiler with project's scala-library version: 3.3.5
2025.04.28 12:48:06 INFO  no build target found for C:\Users\seton\OneDrive\School\FINALSEM LETS GOOOOOOOO\Programming Languages\Project\vinyltracker\src\main\scala\classes\vinyls.scala. Using presentation compiler with project's scala-library version: 3.3.5
2025.04.28 12:48:06 INFO  no build target found for C:\Users\seton\OneDrive\School\FINALSEM LETS GOOOOOOOO\Programming Languages\Project\vinyltracker\src\main\scala\classes\vinyls.scala. Using presentation compiler with project's scala-library version: 3.3.5
2025.04.28 12:48:06 INFO  no build target found for C:\Users\seton\OneDrive\School\FINALSEM LETS GOOOOOOOO\Programming Languages\Project\vinyltracker\src\main\scala\classes\vinyls.scala. Using presentation compiler with project's scala-library version: 3.3.5
2025.04.28 12:48:06 INFO  no build target found for C:\Users\seton\OneDrive\School\FINALSEM LETS GOOOOOOOO\Programming Languages\Project\vinyltracker\src\main\scala\classes\vinyls.scala. Using presentation compiler with project's scala-library version: 3.3.5
2025.04.28 12:48:06 INFO  no build target found for C:\Users\seton\OneDrive\School\FINALSEM LETS GOOOOOOOO\Programming Languages\Project\vinyltracker\src\main\scala\classes\vinyls.scala. Using presentation compiler with project's scala-library version: 3.3.5
2025.04.28 12:48:07 INFO  no build target found for C:\Users\seton\OneDrive\School\FINALSEM LETS GOOOOOOOO\Programming Languages\Project\vinyltracker\src\main\scala\classes\vinyls.scala. Using presentation compiler with project's scala-library version: 3.3.5
2025.04.28 12:48:07 INFO  no build target found for C:\Users\seton\OneDrive\School\FINALSEM LETS GOOOOOOOO\Programming Languages\Project\vinyltracker\src\main\scala\classes\vinyls.scala. Using presentation compiler with project's scala-library version: 3.3.5
2025.04.28 12:48:07 INFO  no build target found for C:\Users\seton\OneDrive\School\FINALSEM LETS GOOOOOOOO\Programming Languages\Project\vinyltracker\src\main\scala\classes\vinyls.scala. Using presentation compiler with project's scala-library version: 3.3.5
2025.04.28 12:48:07 INFO  no build target found for C:\Users\seton\OneDrive\School\FINALSEM LETS GOOOOOOOO\Programming Languages\Project\vinyltracker\src\main\scala\classes\vinyls.scala. Using presentation compiler with project's scala-library version: 3.3.5
2025.04.28 12:48:07 INFO  no build target found for C:\Users\seton\OneDrive\School\FINALSEM LETS GOOOOOOOO\Programming Languages\Project\vinyltracker\src\main\scala\classes\vinyls.scala. Using presentation compiler with project's scala-library version: 3.3.5
2025.04.28 12:48:07 INFO  no build target found for C:\Users\seton\OneDrive\School\FINALSEM LETS GOOOOOOOO\Programming Languages\Project\vinyltracker\src\main\scala\classes\vinyls.scala. Using presentation compiler with project's scala-library version: 3.3.5
2025.04.28 12:48:07 INFO  no build target found for C:\Users\seton\OneDrive\School\FINALSEM LETS GOOOOOOOO\Programming Languages\Project\vinyltracker\src\main\scala\classes\vinyls.scala. Using presentation compiler with project's scala-library version: 3.3.5
2025.04.28 12:48:07 INFO  no build target found for C:\Users\seton\OneDrive\School\FINALSEM LETS GOOOOOOOO\Programming Languages\Project\vinyltracker\src\main\scala\classes\vinyls.scala. Using presentation compiler with project's scala-library version: 3.3.5
2025.04.28 12:48:07 INFO  no build target found for C:\Users\seton\OneDrive\School\FINALSEM LETS GOOOOOOOO\Programming Languages\Project\vinyltracker\src\main\scala\classes\vinyls.scala. Using presentation compiler with project's scala-library version: 3.3.5
2025.04.28 12:48:07 INFO  no build target found for C:\Users\seton\OneDrive\School\FINALSEM LETS GOOOOOOOO\Programming Languages\Project\vinyltracker\src\main\scala\classes\vinyls.scala. Using presentation compiler with project's scala-library version: 3.3.5
2025.04.28 12:48:07 INFO  no build target found for C:\Users\seton\OneDrive\School\FINALSEM LETS GOOOOOOOO\Programming Languages\Project\vinyltracker\src\main\scala\classes\vinyls.scala. Using presentation compiler with project's scala-library version: 3.3.5
2025.04.28 12:48:07 INFO  no build target found for C:\Users\seton\OneDrive\School\FINALSEM LETS GOOOOOOOO\Programming Languages\Project\vinyltracker\src\main\scala\classes\vinyls.scala. Using presentation compiler with project's scala-library version: 3.3.5
2025.04.28 12:48:07 INFO  no build target found for C:\Users\seton\OneDrive\School\FINALSEM LETS GOOOOOOOO\Programming Languages\Project\vinyltracker\src\main\scala\classes\vinyls.scala. Using presentation compiler with project's scala-library version: 3.3.5
2025.04.28 12:48:07 INFO  no build target found for C:\Users\seton\OneDrive\School\FINALSEM LETS GOOOOOOOO\Programming Languages\Project\vinyltracker\src\main\scala\classes\vinyls.scala. Using presentation compiler with project's scala-library version: 3.3.5
2025.04.28 12:48:08 INFO  no build target found for C:\Users\seton\OneDrive\School\FINALSEM LETS GOOOOOOOO\Programming Languages\Project\vinyltracker\src\main\scala\classes\vinyls.scala. Using presentation compiler with project's scala-library version: 3.3.5
2025.04.28 12:48:08 INFO  no build target found for C:\Users\seton\OneDrive\School\FINALSEM LETS GOOOOOOOO\Programming Languages\Project\vinyltracker\src\main\scala\classes\vinyls.scala. Using presentation compiler with project's scala-library version: 3.3.5
2025.04.28 12:48:08 INFO  no build target found for C:\Users\seton\OneDrive\School\FINALSEM LETS GOOOOOOOO\Programming Languages\Project\vinyltracker\src\main\scala\classes\vinyls.scala. Using presentation compiler with project's scala-library version: 3.3.5
2025.04.28 12:48:08 INFO  no build target found for C:\Users\seton\OneDrive\School\FINALSEM LETS GOOOOOOOO\Programming Languages\Project\vinyltracker\src\main\scala\classes\vinyls.scala. Using presentation compiler with project's scala-library version: 3.3.5
2025.04.28 12:48:08 INFO  no build target found for C:\Users\seton\OneDrive\School\FINALSEM LETS GOOOOOOOO\Programming Languages\Project\vinyltracker\src\main\scala\classes\vinyls.scala. Using presentation compiler with project's scala-library version: 3.3.5
2025.04.28 12:48:08 INFO  no build target found for C:\Users\seton\OneDrive\School\FINALSEM LETS GOOOOOOOO\Programming Languages\Project\vinyltracker\src\main\scala\classes\vinyls.scala. Using presentation compiler with project's scala-library version: 3.3.5
2025.04.28 12:48:08 INFO  no build target found for C:\Users\seton\OneDrive\School\FINALSEM LETS GOOOOOOOO\Programming Languages\Project\vinyltracker\src\main\scala\classes\vinyls.scala. Using presentation compiler with project's scala-library version: 3.3.5
2025.04.28 12:48:08 INFO  no build target found for C:\Users\seton\OneDrive\School\FINALSEM LETS GOOOOOOOO\Programming Languages\Project\vinyltracker\src\main\scala\classes\vinyls.scala. Using presentation compiler with project's scala-library version: 3.3.5
2025.04.28 12:48:09 INFO  no build target found for C:\Users\seton\OneDrive\School\FINALSEM LETS GOOOOOOOO\Programming Languages\Project\vinyltracker\src\main\scala\classes\vinyls.scala. Using presentation compiler with project's scala-library version: 3.3.5
2025.04.28 12:48:09 INFO  no build target found for C:\Users\seton\OneDrive\School\FINALSEM LETS GOOOOOOOO\Programming Languages\Project\vinyltracker\src\main\scala\classes\vinyls.scala. Using presentation compiler with project's scala-library version: 3.3.5
2025.04.28 12:48:09 INFO  no build target found for C:\Users\seton\OneDrive\School\FINALSEM LETS GOOOOOOOO\Programming Languages\Project\vinyltracker\src\main\scala\classes\vinyls.scala. Using presentation compiler with project's scala-library version: 3.3.5
2025.04.28 12:48:09 INFO  no build target found for C:\Users\seton\OneDrive\School\FINALSEM LETS GOOOOOOOO\Programming Languages\Project\vinyltracker\src\main\scala\classes\vinyls.scala. Using presentation compiler with project's scala-library version: 3.3.5
2025.04.28 12:48:09 INFO  no build target found for C:\Users\seton\OneDrive\School\FINALSEM LETS GOOOOOOOO\Programming Languages\Project\vinyltracker\src\main\scala\classes\vinyls.scala. Using presentation compiler with project's scala-library version: 3.3.5
2025.04.28 12:48:09 INFO  no build target found for C:\Users\seton\OneDrive\School\FINALSEM LETS GOOOOOOOO\Programming Languages\Project\vinyltracker\src\main\scala\classes\vinyls.scala. Using presentation compiler with project's scala-library version: 3.3.5
2025.04.28 12:48:09 INFO  no build target found for C:\Users\seton\OneDrive\School\FINALSEM LETS GOOOOOOOO\Programming Languages\Project\vinyltracker\src\main\scala\classes\vinyls.scala. Using presentation compiler with project's scala-library version: 3.3.5
2025.04.28 12:48:09 INFO  no build target found for C:\Users\seton\OneDrive\School\FINALSEM LETS GOOOOOOOO\Programming Languages\Project\vinyltracker\src\main\scala\classes\vinyls.scala. Using presentation compiler with project's scala-library version: 3.3.5
2025.04.28 12:48:09 INFO  no build target found for C:\Users\seton\OneDrive\School\FINALSEM LETS GOOOOOOOO\Programming Languages\Project\vinyltracker\src\main\scala\classes\vinyls.scala. Using presentation compiler with project's scala-library version: 3.3.5
2025.04.28 12:48:09 INFO  no build target found for C:\Users\seton\OneDrive\School\FINALSEM LETS GOOOOOOOO\Programming Languages\Project\vinyltracker\src\main\scala\classes\vinyls.scala. Using presentation compiler with project's scala-library version: 3.3.5
2025.04.28 12:48:09 INFO  no build target found for C:\Users\seton\OneDrive\School\FINALSEM LETS GOOOOOOOO\Programming Languages\Project\vinyltracker\src\main\scala\classes\vinyls.scala. Using presentation compiler with project's scala-library version: 3.3.5
2025.04.28 12:48:09 INFO  no build target found for C:\Users\seton\OneDrive\School\FINALSEM LETS GOOOOOOOO\Programming Languages\Project\vinyltracker\src\main\scala\classes\vinyls.scala. Using presentation compiler with project's scala-library version: 3.3.5
2025.04.28 12:48:09 INFO  no build target found for C:\Users\seton\OneDrive\School\FINALSEM LETS GOOOOOOOO\Programming Languages\Project\vinyltracker\src\main\scala\classes\vinyls.scala. Using presentation compiler with project's scala-library version: 3.3.5
2025.04.28 12:48:09 INFO  no build target found for C:\Users\seton\OneDrive\School\FINALSEM LETS GOOOOOOOO\Programming Languages\Project\vinyltracker\src\main\scala\classes\vinyls.scala. Using presentation compiler with project's scala-library version: 3.3.5
2025.04.28 12:48:10 INFO  no build target found for C:\Users\seton\OneDrive\School\FINALSEM LETS GOOOOOOOO\Programming Languages\Project\vinyltracker\src\main\scala\classes\vinyls.scala. Using presentation compiler with project's scala-library version: 3.3.5
2025.04.28 12:48:10 INFO  no build target found for C:\Users\seton\OneDrive\School\FINALSEM LETS GOOOOOOOO\Programming Languages\Project\vinyltracker\src\main\scala\classes\vinyls.scala. Using presentation compiler with project's scala-library version: 3.3.5
2025.04.28 12:48:10 INFO  no build target found for C:\Users\seton\OneDrive\School\FINALSEM LETS GOOOOOOOO\Programming Languages\Project\vinyltracker\src\main\scala\classes\vinyls.scala. Using presentation compiler with project's scala-library version: 3.3.5
2025.04.28 12:48:10 INFO  no build target found for C:\Users\seton\OneDrive\School\FINALSEM LETS GOOOOOOOO\Programming Languages\Project\vinyltracker\src\main\scala\classes\vinyls.scala. Using presentation compiler with project's scala-library version: 3.3.5
2025.04.28 12:48:10 INFO  no build target found for C:\Users\seton\OneDrive\School\FINALSEM LETS GOOOOOOOO\Programming Languages\Project\vinyltracker\src\main\scala\classes\vinyls.scala. Using presentation compiler with project's scala-library version: 3.3.5
2025.04.28 12:48:10 INFO  no build target found for C:\Users\seton\OneDrive\School\FINALSEM LETS GOOOOOOOO\Programming Languages\Project\vinyltracker\src\main\scala\classes\vinyls.scala. Using presentation compiler with project's scala-library version: 3.3.5
2025.04.28 12:48:10 INFO  no build target found for C:\Users\seton\OneDrive\School\FINALSEM LETS GOOOOOOOO\Programming Languages\Project\vinyltracker\src\main\scala\classes\vinyls.scala. Using presentation compiler with project's scala-library version: 3.3.5
2025.04.28 12:48:11 INFO  no build target found for C:\Users\seton\OneDrive\School\FINALSEM LETS GOOOOOOOO\Programming Languages\Project\vinyltracker\src\main\scala\classes\vinyls.scala. Using presentation compiler with project's scala-library version: 3.3.5
2025.04.28 12:48:11 INFO  no build target found for C:\Users\seton\OneDrive\School\FINALSEM LETS GOOOOOOOO\Programming Languages\Project\vinyltracker\src\main\scala\classes\vinyls.scala. Using presentation compiler with project's scala-library version: 3.3.5
2025.04.28 12:48:11 INFO  no build target found for C:\Users\seton\OneDrive\School\FINALSEM LETS GOOOOOOOO\Programming Languages\Project\vinyltracker\src\main\scala\classes\vinyls.scala. Using presentation compiler with project's scala-library version: 3.3.5
2025.04.28 12:48:11 INFO  no build target found for C:\Users\seton\OneDrive\School\FINALSEM LETS GOOOOOOOO\Programming Languages\Project\vinyltracker\src\main\scala\classes\vinyls.scala. Using presentation compiler with project's scala-library version: 3.3.5
2025.04.28 12:48:11 INFO  no build target found for C:\Users\seton\OneDrive\School\FINALSEM LETS GOOOOOOOO\Programming Languages\Project\vinyltracker\src\main\scala\classes\vinyls.scala. Using presentation compiler with project's scala-library version: 3.3.5
2025.04.28 12:48:11 INFO  no build target found for C:\Users\seton\OneDrive\School\FINALSEM LETS GOOOOOOOO\Programming Languages\Project\vinyltracker\src\main\scala\classes\vinyls.scala. Using presentation compiler with project's scala-library version: 3.3.5
2025.04.28 12:48:11 INFO  no build target found for C:\Users\seton\OneDrive\School\FINALSEM LETS GOOOOOOOO\Programming Languages\Project\vinyltracker\src\main\scala\classes\vinyls.scala. Using presentation compiler with project's scala-library version: 3.3.5
2025.04.28 12:48:11 INFO  no build target found for C:\Users\seton\OneDrive\School\FINALSEM LETS GOOOOOOOO\Programming Languages\Project\vinyltracker\src\main\scala\classes\vinyls.scala. Using presentation compiler with project's scala-library version: 3.3.5
2025.04.28 12:48:11 INFO  no build target found for C:\Users\seton\OneDrive\School\FINALSEM LETS GOOOOOOOO\Programming Languages\Project\vinyltracker\src\main\scala\classes\vinyls.scala. Using presentation compiler with project's scala-library version: 3.3.5
2025.04.28 12:48:11 INFO  no build target found for C:\Users\seton\OneDrive\School\FINALSEM LETS GOOOOOOOO\Programming Languages\Project\vinyltracker\src\main\scala\classes\vinyls.scala. Using presentation compiler with project's scala-library version: 3.3.5
2025.04.28 12:48:11 INFO  no build target found for C:\Users\seton\OneDrive\School\FINALSEM LETS GOOOOOOOO\Programming Languages\Project\vinyltracker\src\main\scala\classes\vinyls.scala. Using presentation compiler with project's scala-library version: 3.3.5
2025.04.28 12:48:13 INFO  no build target found for C:\Users\seton\OneDrive\School\FINALSEM LETS GOOOOOOOO\Programming Languages\Project\vinyltracker\src\main\scala\classes\vinyls.scala. Using presentation compiler with project's scala-library version: 3.3.5
2025.04.28 12:48:13 INFO  no build target found for C:\Users\seton\OneDrive\School\FINALSEM LETS GOOOOOOOO\Programming Languages\Project\vinyltracker\src\main\scala\classes\vinyls.scala. Using presentation compiler with project's scala-library version: 3.3.5
2025.04.28 12:48:13 INFO  no build target found for C:\Users\seton\OneDrive\School\FINALSEM LETS GOOOOOOOO\Programming Languages\Project\vinyltracker\src\main\scala\classes\vinyls.scala. Using presentation compiler with project's scala-library version: 3.3.5
2025.04.28 12:48:13 INFO  no build target found for C:\Users\seton\OneDrive\School\FINALSEM LETS GOOOOOOOO\Programming Languages\Project\vinyltracker\src\main\scala\classes\vinyls.scala. Using presentation compiler with project's scala-library version: 3.3.5
2025.04.28 12:48:13 INFO  no build target found for C:\Users\seton\OneDrive\School\FINALSEM LETS GOOOOOOOO\Programming Languages\Project\vinyltracker\src\main\scala\classes\vinyls.scala. Using presentation compiler with project's scala-library version: 3.3.5
2025.04.28 12:48:13 INFO  no build target found for C:\Users\seton\OneDrive\School\FINALSEM LETS GOOOOOOOO\Programming Languages\Project\vinyltracker\src\main\scala\classes\vinyls.scala. Using presentation compiler with project's scala-library version: 3.3.5
2025.04.28 12:48:13 INFO  no build target found for C:\Users\seton\OneDrive\School\FINALSEM LETS GOOOOOOOO\Programming Languages\Project\vinyltracker\src\main\scala\classes\vinyls.scala. Using presentation compiler with project's scala-library version: 3.3.5
2025.04.28 12:48:13 INFO  no build target found for C:\Users\seton\OneDrive\School\FINALSEM LETS GOOOOOOOO\Programming Languages\Project\vinyltracker\src\main\scala\classes\vinyls.scala. Using presentation compiler with project's scala-library version: 3.3.5
2025.04.28 12:48:13 INFO  no build target found for C:\Users\seton\OneDrive\School\FINALSEM LETS GOOOOOOOO\Programming Languages\Project\vinyltracker\src\main\scala\classes\vinyls.scala. Using presentation compiler with project's scala-library version: 3.3.5
2025.04.28 12:48:13 INFO  no build target found for C:\Users\seton\OneDrive\School\FINALSEM LETS GOOOOOOOO\Programming Languages\Project\vinyltracker\src\main\scala\classes\vinyls.scala. Using presentation compiler with project's scala-library version: 3.3.5
2025.04.28 12:48:14 INFO  no build target found for C:\Users\seton\OneDrive\School\FINALSEM LETS GOOOOOOOO\Programming Languages\Project\vinyltracker\src\main\scala\classes\vinyls.scala. Using presentation compiler with project's scala-library version: 3.3.5
2025.04.28 12:48:13 INFO  no build target found for C:\Users\seton\OneDrive\School\FINALSEM LETS GOOOOOOOO\Programming Languages\Project\vinyltracker\src\main\scala\classes\vinyls.scala. Using presentation compiler with project's scala-library version: 3.3.5
2025.04.28 12:48:13 INFO  no build target found for C:\Users\seton\OneDrive\School\FINALSEM LETS GOOOOOOOO\Programming Languages\Project\vinyltracker\src\main\scala\classes\vinyls.scala. Using presentation compiler with project's scala-library version: 3.3.5
2025.04.28 12:48:13 INFO  no build target found for C:\Users\seton\OneDrive\School\FINALSEM LETS GOOOOOOOO\Programming Languages\Project\vinyltracker\src\main\scala\classes\vinyls.scala. Using presentation compiler with project's scala-library version: 3.3.5
2025.04.28 12:48:13 INFO  no build target found for C:\Users\seton\OneDrive\School\FINALSEM LETS GOOOOOOOO\Programming Languages\Project\vinyltracker\src\main\scala\classes\vinyls.scala. Using presentation compiler with project's scala-library version: 3.3.5
2025.04.28 12:48:13 INFO  no build target found for C:\Users\seton\OneDrive\School\FINALSEM LETS GOOOOOOOO\Programming Languages\Project\vinyltracker\src\main\scala\classes\vinyls.scala. Using presentation compiler with project's scala-library version: 3.3.5
2025.04.28 12:48:14 INFO  no build target found for C:\Users\seton\OneDrive\School\FINALSEM LETS GOOOOOOOO\Programming Languages\Project\vinyltracker\src\main\scala\classes\vinyls.scala. Using presentation compiler with project's scala-library version: 3.3.5
2025.04.28 12:48:14 INFO  no build target found for C:\Users\seton\OneDrive\School\FINALSEM LETS GOOOOOOOO\Programming Languages\Project\vinyltracker\src\main\scala\classes\vinyls.scala. Using presentation compiler with project's scala-library version: 3.3.5
2025.04.28 12:48:14 INFO  no build target found for C:\Users\seton\OneDrive\School\FINALSEM LETS GOOOOOOOO\Programming Languages\Project\vinyltracker\src\main\scala\classes\vinyls.scala. Using presentation compiler with project's scala-library version: 3.3.5
2025.04.28 12:48:14 INFO  no build target found for C:\Users\seton\OneDrive\School\FINALSEM LETS GOOOOOOOO\Programming Languages\Project\vinyltracker\src\main\scala\classes\vinyls.scala. Using presentation compiler with project's scala-library version: 3.3.5
2025.04.28 12:48:14 INFO  no build target found for C:\Users\seton\OneDrive\School\FINALSEM LETS GOOOOOOOO\Programming Languages\Project\vinyltracker\src\main\scala\classes\vinyls.scala. Using presentation compiler with project's scala-library version: 3.3.5
2025.04.28 12:48:14 INFO  no build target found for C:\Users\seton\OneDrive\School\FINALSEM LETS GOOOOOOOO\Programming Languages\Project\vinyltracker\src\main\scala\classes\vinyls.scala. Using presentation compiler with project's scala-library version: 3.3.5
2025.04.28 12:48:14 INFO  no build target found for C:\Users\seton\OneDrive\School\FINALSEM LETS GOOOOOOOO\Programming Languages\Project\vinyltracker\src\main\scala\classes\vinyls.scala. Using presentation compiler with project's scala-library version: 3.3.5
2025.04.28 12:48:14 INFO  no build target found for C:\Users\seton\OneDrive\School\FINALSEM LETS GOOOOOOOO\Programming Languages\Project\vinyltracker\src\main\scala\classes\vinyls.scala. Using presentation compiler with project's scala-library version: 3.3.5
2025.04.28 12:48:14 INFO  no build target found for C:\Users\seton\OneDrive\School\FINALSEM LETS GOOOOOOOO\Programming Languages\Project\vinyltracker\src\main\scala\classes\vinyls.scala. Using presentation compiler with project's scala-library version: 3.3.5
2025.04.28 12:48:14 INFO  no build target found for C:\Users\seton\OneDrive\School\FINALSEM LETS GOOOOOOOO\Programming Languages\Project\vinyltracker\src\main\scala\classes\vinyls.scala. Using presentation compiler with project's scala-library version: 3.3.5
2025.04.28 12:48:15 INFO  no build target found for C:\Users\seton\OneDrive\School\FINALSEM LETS GOOOOOOOO\Programming Languages\Project\vinyltracker\src\main\scala\classes\vinyls.scala. Using presentation compiler with project's scala-library version: 3.3.5
2025.04.28 12:48:14 INFO  no build target found for C:\Users\seton\OneDrive\School\FINALSEM LETS GOOOOOOOO\Programming Languages\Project\vinyltracker\src\main\scala\classes\vinyls.scala. Using presentation compiler with project's scala-library version: 3.3.5
2025.04.28 12:48:14 INFO  no build target found for C:\Users\seton\OneDrive\School\FINALSEM LETS GOOOOOOOO\Programming Languages\Project\vinyltracker\src\main\scala\classes\vinyls.scala. Using presentation compiler with project's scala-library version: 3.3.5
2025.04.28 12:48:15 INFO  no build target found for C:\Users\seton\OneDrive\School\FINALSEM LETS GOOOOOOOO\Programming Languages\Project\vinyltracker\src\main\scala\classes\vinyls.scala. Using presentation compiler with project's scala-library version: 3.3.5
2025.04.28 12:48:15 INFO  no build target found for C:\Users\seton\OneDrive\School\FINALSEM LETS GOOOOOOOO\Programming Languages\Project\vinyltracker\src\main\scala\classes\vinyls.scala. Using presentation compiler with project's scala-library version: 3.3.5
2025.04.28 12:48:15 INFO  no build target found for C:\Users\seton\OneDrive\School\FINALSEM LETS GOOOOOOOO\Programming Languages\Project\vinyltracker\src\main\scala\classes\vinyls.scala. Using presentation compiler with project's scala-library version: 3.3.5
2025.04.28 12:48:15 INFO  no build target found for C:\Users\seton\OneDrive\School\FINALSEM LETS GOOOOOOOO\Programming Languages\Project\vinyltracker\src\main\scala\classes\vinyls.scala. Using presentation compiler with project's scala-library version: 3.3.5
2025.04.28 12:48:15 INFO  no build target found for C:\Users\seton\OneDrive\School\FINALSEM LETS GOOOOOOOO\Programming Languages\Project\vinyltracker\src\main\scala\classes\vinyls.scala. Using presentation compiler with project's scala-library version: 3.3.5
2025.04.28 12:48:15 INFO  no build target found for C:\Users\seton\OneDrive\School\FINALSEM LETS GOOOOOOOO\Programming Languages\Project\vinyltracker\src\main\scala\classes\vinyls.scala. Using presentation compiler with project's scala-library version: 3.3.5
2025.04.28 12:48:15 INFO  no build target found for C:\Users\seton\OneDrive\School\FINALSEM LETS GOOOOOOOO\Programming Languages\Project\vinyltracker\src\main\scala\classes\vinyls.scala. Using presentation compiler with project's scala-library version: 3.3.5
2025.04.28 12:48:15 INFO  no build target found for C:\Users\seton\OneDrive\School\FINALSEM LETS GOOOOOOOO\Programming Languages\Project\vinyltracker\src\main\scala\classes\vinyls.scala. Using presentation compiler with project's scala-library version: 3.3.5
2025.04.28 12:48:15 INFO  no build target found for C:\Users\seton\OneDrive\School\FINALSEM LETS GOOOOOOOO\Programming Languages\Project\vinyltracker\src\main\scala\classes\vinyls.scala. Using presentation compiler with project's scala-library version: 3.3.5
2025.04.28 12:48:15 INFO  no build target found for C:\Users\seton\OneDrive\School\FINALSEM LETS GOOOOOOOO\Programming Languages\Project\vinyltracker\src\main\scala\classes\vinyls.scala. Using presentation compiler with project's scala-library version: 3.3.5
2025.04.28 12:48:15 INFO  no build target found for C:\Users\seton\OneDrive\School\FINALSEM LETS GOOOOOOOO\Programming Languages\Project\vinyltracker\src\main\scala\classes\vinyls.scala. Using presentation compiler with project's scala-library version: 3.3.5
2025.04.28 12:48:15 INFO  no build target found for C:\Users\seton\OneDrive\School\FINALSEM LETS GOOOOOOOO\Programming Languages\Project\vinyltracker\src\main\scala\classes\vinyls.scala. Using presentation compiler with project's scala-library version: 3.3.5
2025.04.28 12:48:15 INFO  no build target found for C:\Users\seton\OneDrive\School\FINALSEM LETS GOOOOOOOO\Programming Languages\Project\vinyltracker\src\main\scala\classes\vinyls.scala. Using presentation compiler with project's scala-library version: 3.3.5
2025.04.28 12:48:16 INFO  no build target found for C:\Users\seton\OneDrive\School\FINALSEM LETS GOOOOOOOO\Programming Languages\Project\vinyltracker\src\main\scala\classes\vinyls.scala. Using presentation compiler with project's scala-library version: 3.3.5
2025.04.28 12:48:15 INFO  no build target found for C:\Users\seton\OneDrive\School\FINALSEM LETS GOOOOOOOO\Programming Languages\Project\vinyltracker\src\main\scala\classes\vinyls.scala. Using presentation compiler with project's scala-library version: 3.3.5
2025.04.28 12:48:15 INFO  no build target found for C:\Users\seton\OneDrive\School\FINALSEM LETS GOOOOOOOO\Programming Languages\Project\vinyltracker\src\main\scala\classes\vinyls.scala. Using presentation compiler with project's scala-library version: 3.3.5
2025.04.28 12:48:16 INFO  no build target found for C:\Users\seton\OneDrive\School\FINALSEM LETS GOOOOOOOO\Programming Languages\Project\vinyltracker\src\main\scala\classes\vinyls.scala. Using presentation compiler with project's scala-library version: 3.3.5
2025.04.28 12:48:16 INFO  no build target found for C:\Users\seton\OneDrive\School\FINALSEM LETS GOOOOOOOO\Programming Languages\Project\vinyltracker\src\main\scala\classes\vinyls.scala. Using presentation compiler with project's scala-library version: 3.3.5
2025.04.28 12:48:16 INFO  no build target found for C:\Users\seton\OneDrive\School\FINALSEM LETS GOOOOOOOO\Programming Languages\Project\vinyltracker\src\main\scala\classes\vinyls.scala. Using presentation compiler with project's scala-library version: 3.3.5
2025.04.28 12:48:16 INFO  no build target found for C:\Users\seton\OneDrive\School\FINALSEM LETS GOOOOOOOO\Programming Languages\Project\vinyltracker\src\main\scala\classes\vinyls.scala. Using presentation compiler with project's scala-library version: 3.3.5
2025.04.28 12:48:16 INFO  no build target found for C:\Users\seton\OneDrive\School\FINALSEM LETS GOOOOOOOO\Programming Languages\Project\vinyltracker\src\main\scala\classes\vinyls.scala. Using presentation compiler with project's scala-library version: 3.3.5
2025.04.28 12:48:16 INFO  no build target found for C:\Users\seton\OneDrive\School\FINALSEM LETS GOOOOOOOO\Programming Languages\Project\vinyltracker\src\main\scala\classes\vinyls.scala. Using presentation compiler with project's scala-library version: 3.3.5
2025.04.28 12:48:16 INFO  no build target found for C:\Users\seton\OneDrive\School\FINALSEM LETS GOOOOOOOO\Programming Languages\Project\vinyltracker\src\main\scala\classes\vinyls.scala. Using presentation compiler with project's scala-library version: 3.3.5
2025.04.28 12:48:17 INFO  no build target found for C:\Users\seton\OneDrive\School\FINALSEM LETS GOOOOOOOO\Programming Languages\Project\vinyltracker\src\main\scala\classes\vinyls.scala. Using presentation compiler with project's scala-library version: 3.3.5
2025.04.28 12:48:16 INFO  no build target found for C:\Users\seton\OneDrive\School\FINALSEM LETS GOOOOOOOO\Programming Languages\Project\vinyltracker\src\main\scala\classes\vinyls.scala. Using presentation compiler with project's scala-library version: 3.3.5
2025.04.28 12:48:16 INFO  no build target found for C:\Users\seton\OneDrive\School\FINALSEM LETS GOOOOOOOO\Programming Languages\Project\vinyltracker\src\main\scala\classes\vinyls.scala. Using presentation compiler with project's scala-library version: 3.3.5
2025.04.28 12:48:18 INFO  no build target found for C:\Users\seton\OneDrive\School\FINALSEM LETS GOOOOOOOO\Programming Languages\Project\vinyltracker\src\main\scala\classes\vinyls.scala. Using presentation compiler with project's scala-library version: 3.3.5
2025.04.28 12:48:18 INFO  no build target found for C:\Users\seton\OneDrive\School\FINALSEM LETS GOOOOOOOO\Programming Languages\Project\vinyltracker\src\main\scala\classes\vinyls.scala. Using presentation compiler with project's scala-library version: 3.3.5
2025.04.28 12:48:18 INFO  no build target found for C:\Users\seton\OneDrive\School\FINALSEM LETS GOOOOOOOO\Programming Languages\Project\vinyltracker\src\main\scala\classes\vinyls.scala. Using presentation compiler with project's scala-library version: 3.3.5
2025.04.28 12:48:18 INFO  no build target found for C:\Users\seton\OneDrive\School\FINALSEM LETS GOOOOOOOO\Programming Languages\Project\vinyltracker\src\main\scala\classes\vinyls.scala. Using presentation compiler with project's scala-library version: 3.3.5
2025.04.28 12:48:18 INFO  no build target found for C:\Users\seton\OneDrive\School\FINALSEM LETS GOOOOOOOO\Programming Languages\Project\vinyltracker\src\main\scala\classes\vinyls.scala. Using presentation compiler with project's scala-library version: 3.3.5
2025.04.28 12:48:18 INFO  no build target found for C:\Users\seton\OneDrive\School\FINALSEM LETS GOOOOOOOO\Programming Languages\Project\vinyltracker\src\main\scala\classes\vinyls.scala. Using presentation compiler with project's scala-library version: 3.3.5
2025.04.28 12:48:18 INFO  no build target found for C:\Users\seton\OneDrive\School\FINALSEM LETS GOOOOOOOO\Programming Languages\Project\vinyltracker\src\main\scala\classes\vinyls.scala. Using presentation compiler with project's scala-library version: 3.3.5
2025.04.28 12:48:18 INFO  no build target found for C:\Users\seton\OneDrive\School\FINALSEM LETS GOOOOOOOO\Programming Languages\Project\vinyltracker\src\main\scala\classes\vinyls.scala. Using presentation compiler with project's scala-library version: 3.3.5
2025.04.28 12:48:19 INFO  no build target found for C:\Users\seton\OneDrive\School\FINALSEM LETS GOOOOOOOO\Programming Languages\Project\vinyltracker\src\main\scala\classes\vinyls.scala. Using presentation compiler with project's scala-library version: 3.3.5
2025.04.28 12:48:20 INFO  no build target found for C:\Users\seton\OneDrive\School\FINALSEM LETS GOOOOOOOO\Programming Languages\Project\vinyltracker\src\main\scala\classes\vinyls.scala. Using presentation compiler with project's scala-library version: 3.3.5
2025.04.28 12:48:20 INFO  no build target found for C:\Users\seton\OneDrive\School\FINALSEM LETS GOOOOOOOO\Programming Languages\Project\vinyltracker\src\main\scala\classes\vinyls.scala. Using presentation compiler with project's scala-library version: 3.3.5
2025.04.28 12:48:20 INFO  no build target found for C:\Users\seton\OneDrive\School\FINALSEM LETS GOOOOOOOO\Programming Languages\Project\vinyltracker\src\main\scala\classes\vinyls.scala. Using presentation compiler with project's scala-library version: 3.3.5
2025.04.28 12:48:19 INFO  no build target found for C:\Users\seton\OneDrive\School\FINALSEM LETS GOOOOOOOO\Programming Languages\Project\vinyltracker\src\main\scala\classes\vinyls.scala. Using presentation compiler with project's scala-library version: 3.3.5
2025.04.28 12:48:20 INFO  no build target found for C:\Users\seton\OneDrive\School\FINALSEM LETS GOOOOOOOO\Programming Languages\Project\vinyltracker\src\main\scala\classes\vinyls.scala. Using presentation compiler with project's scala-library version: 3.3.5
2025.04.28 12:48:20 INFO  no build target found for C:\Users\seton\OneDrive\School\FINALSEM LETS GOOOOOOOO\Programming Languages\Project\vinyltracker\src\main\scala\classes\vinyls.scala. Using presentation compiler with project's scala-library version: 3.3.5
2025.04.28 12:48:20 INFO  no build target found for C:\Users\seton\OneDrive\School\FINALSEM LETS GOOOOOOOO\Programming Languages\Project\vinyltracker\src\main\scala\classes\vinyls.scala. Using presentation compiler with project's scala-library version: 3.3.5
2025.04.28 12:48:20 INFO  no build target found for C:\Users\seton\OneDrive\School\FINALSEM LETS GOOOOOOOO\Programming Languages\Project\vinyltracker\src\main\scala\classes\vinyls.scala. Using presentation compiler with project's scala-library version: 3.3.5
2025.04.28 12:48:20 INFO  no build target found for C:\Users\seton\OneDrive\School\FINALSEM LETS GOOOOOOOO\Programming Languages\Project\vinyltracker\src\main\scala\classes\vinyls.scala. Using presentation compiler with project's scala-library version: 3.3.5
2025.04.28 12:48:20 INFO  no build target found for C:\Users\seton\OneDrive\School\FINALSEM LETS GOOOOOOOO\Programming Languages\Project\vinyltracker\src\main\scala\classes\vinyls.scala. Using presentation compiler with project's scala-library version: 3.3.5
2025.04.28 12:48:20 INFO  no build target found for C:\Users\seton\OneDrive\School\FINALSEM LETS GOOOOOOOO\Programming Languages\Project\vinyltracker\src\main\scala\classes\vinyls.scala. Using presentation compiler with project's scala-library version: 3.3.5
2025.04.28 12:48:20 INFO  no build target found for C:\Users\seton\OneDrive\School\FINALSEM LETS GOOOOOOOO\Programming Languages\Project\vinyltracker\src\main\scala\classes\vinyls.scala. Using presentation compiler with project's scala-library version: 3.3.5
2025.04.28 12:48:20 INFO  no build target found for C:\Users\seton\OneDrive\School\FINALSEM LETS GOOOOOOOO\Programming Languages\Project\vinyltracker\src\main\scala\classes\vinyls.scala. Using presentation compiler with project's scala-library version: 3.3.5
2025.04.28 12:48:20 INFO  no build target found for C:\Users\seton\OneDrive\School\FINALSEM LETS GOOOOOOOO\Programming Languages\Project\vinyltracker\src\main\scala\classes\vinyls.scala. Using presentation compiler with project's scala-library version: 3.3.5
2025.04.28 12:48:20 INFO  no build target found for C:\Users\seton\OneDrive\School\FINALSEM LETS GOOOOOOOO\Programming Languages\Project\vinyltracker\src\main\scala\classes\vinyls.scala. Using presentation compiler with project's scala-library version: 3.3.5
2025.04.28 12:48:22 INFO  no build target found for C:\Users\seton\OneDrive\School\FINALSEM LETS GOOOOOOOO\Programming Languages\Project\vinyltracker\src\main\scala\classes\vinyls.scala. Using presentation compiler with project's scala-library version: 3.3.5
2025.04.28 12:48:22 INFO  no build target found for C:\Users\seton\OneDrive\School\FINALSEM LETS GOOOOOOOO\Programming Languages\Project\vinyltracker\src\main\scala\classes\vinyls.scala. Using presentation compiler with project's scala-library version: 3.3.5
2025.04.28 12:48:22 INFO  no build target found for C:\Users\seton\OneDrive\School\FINALSEM LETS GOOOOOOOO\Programming Languages\Project\vinyltracker\src\main\scala\classes\vinyls.scala. Using presentation compiler with project's scala-library version: 3.3.5
2025.04.28 12:48:22 INFO  no build target found for C:\Users\seton\OneDrive\School\FINALSEM LETS GOOOOOOOO\Programming Languages\Project\vinyltracker\src\main\scala\classes\vinyls.scala. Using presentation compiler with project's scala-library version: 3.3.5
2025.04.28 12:48:26 INFO  no build target found for C:\Users\seton\OneDrive\School\FINALSEM LETS GOOOOOOOO\Programming Languages\Project\vinyltracker\src\main\scala\classes\vinyls.scala. Using presentation compiler with project's scala-library version: 3.3.5
2025.04.28 12:48:26 INFO  no build target found for C:\Users\seton\OneDrive\School\FINALSEM LETS GOOOOOOOO\Programming Languages\Project\vinyltracker\src\main\scala\classes\vinyls.scala. Using presentation compiler with project's scala-library version: 3.3.5
2025.04.28 12:48:26 INFO  no build target found for C:\Users\seton\OneDrive\School\FINALSEM LETS GOOOOOOOO\Programming Languages\Project\vinyltracker\src\main\scala\classes\vinyls.scala. Using presentation compiler with project's scala-library version: 3.3.5
2025.04.28 12:48:26 INFO  no build target found for C:\Users\seton\OneDrive\School\FINALSEM LETS GOOOOOOOO\Programming Languages\Project\vinyltracker\src\main\scala\classes\vinyls.scala. Using presentation compiler with project's scala-library version: 3.3.5
2025.04.28 12:48:26 INFO  no build target found for C:\Users\seton\OneDrive\School\FINALSEM LETS GOOOOOOOO\Programming Languages\Project\vinyltracker\src\main\scala\classes\vinyls.scala. Using presentation compiler with project's scala-library version: 3.3.5
2025.04.28 12:48:26 INFO  no build target found for C:\Users\seton\OneDrive\School\FINALSEM LETS GOOOOOOOO\Programming Languages\Project\vinyltracker\src\main\scala\classes\vinyls.scala. Using presentation compiler with project's scala-library version: 3.3.5
2025.04.28 12:48:27 INFO  no build target found for C:\Users\seton\OneDrive\School\FINALSEM LETS GOOOOOOOO\Programming Languages\Project\vinyltracker\src\main\scala\classes\vinyls.scala. Using presentation compiler with project's scala-library version: 3.3.5
2025.04.28 12:48:27 INFO  no build target found for C:\Users\seton\OneDrive\School\FINALSEM LETS GOOOOOOOO\Programming Languages\Project\vinyltracker\src\main\scala\classes\vinyls.scala. Using presentation compiler with project's scala-library version: 3.3.5
2025.04.28 12:48:28 INFO  no build target found for C:\Users\seton\OneDrive\School\FINALSEM LETS GOOOOOOOO\Programming Languages\Project\vinyltracker\src\main\scala\classes\vinyls.scala. Using presentation compiler with project's scala-library version: 3.3.5
2025.04.28 12:48:30 INFO  no build target found for C:\Users\seton\OneDrive\School\FINALSEM LETS GOOOOOOOO\Programming Languages\Project\vinyltracker\src\main\scala\classes\vinyls.scala. Using presentation compiler with project's scala-library version: 3.3.5
Exception in thread "pool-131-thread-1" java.lang.InterruptedException
	at scala.meta.internal.metals.FutureCancelToken.checkCanceled(FutureCancelToken.scala:29)
	at scala.meta.internal.pc.CompilerAccess.onCompilerJobQueue$$anonfun$1(CompilerAccess.scala:244)
	at scala.meta.internal.pc.CompilerJobQueue$Job.run(CompilerJobQueue.scala:153)
	at java.base/java.util.concurrent.ThreadPoolExecutor.runWorker(ThreadPoolExecutor.java:1136)
	at java.base/java.util.concurrent.ThreadPoolExecutor$Worker.run(ThreadPoolExecutor.java:635)
	at java.base/java.lang.Thread.run(Thread.java:840)
2025.04.28 12:48:31 INFO  no build target found for C:\Users\seton\OneDrive\School\FINALSEM LETS GOOOOOOOO\Programming Languages\Project\vinyltracker\src\main\scala\classes\vinyls.scala. Using presentation compiler with project's scala-library version: 3.3.5
2025.04.28 12:48:31 INFO  no build target found for C:\Users\seton\OneDrive\School\FINALSEM LETS GOOOOOOOO\Programming Languages\Project\vinyltracker\src\main\scala\classes\vinyls.scala. Using presentation compiler with project's scala-library version: 3.3.5
2025.04.28 12:48:31 INFO  no build target found for C:\Users\seton\OneDrive\School\FINALSEM LETS GOOOOOOOO\Programming Languages\Project\vinyltracker\src\main\scala\classes\vinyls.scala. Using presentation compiler with project's scala-library version: 3.3.5
2025.04.28 12:48:31 INFO  no build target found for C:\Users\seton\OneDrive\School\FINALSEM LETS GOOOOOOOO\Programming Languages\Project\vinyltracker\src\main\scala\classes\vinyls.scala. Using presentation compiler with project's scala-library version: 3.3.5
2025.04.28 12:48:31 INFO  no build target found for C:\Users\seton\OneDrive\School\FINALSEM LETS GOOOOOOOO\Programming Languages\Project\vinyltracker\src\main\scala\classes\vinyls.scala. Using presentation compiler with project's scala-library version: 3.3.5
2025.04.28 12:48:31 INFO  no build target found for C:\Users\seton\OneDrive\School\FINALSEM LETS GOOOOOOOO\Programming Languages\Project\vinyltracker\src\main\scala\classes\vinyls.scala. Using presentation compiler with project's scala-library version: 3.3.5
2025.04.28 12:48:32 INFO  no build target found for C:\Users\seton\OneDrive\School\FINALSEM LETS GOOOOOOOO\Programming Languages\Project\vinyltracker\src\main\scala\classes\vinyls.scala. Using presentation compiler with project's scala-library version: 3.3.5
2025.04.28 12:48:32 INFO  no build target found for C:\Users\seton\OneDrive\School\FINALSEM LETS GOOOOOOOO\Programming Languages\Project\vinyltracker\src\main\scala\classes\vinyls.scala. Using presentation compiler with project's scala-library version: 3.3.5
2025.04.28 12:48:32 INFO  no build target found for C:\Users\seton\OneDrive\School\FINALSEM LETS GOOOOOOOO\Programming Languages\Project\vinyltracker\src\main\scala\classes\vinyls.scala. Using presentation compiler with project's scala-library version: 3.3.5
2025.04.28 12:48:33 WARN  no build target for: C:\Users\seton\OneDrive\School\FINALSEM LETS GOOOOOOOO\Programming Languages\Project\vinyltracker\src\main\scala\classes\vinyls.scala
2025.04.28 12:48:33 INFO  no build target found for C:\Users\seton\OneDrive\School\FINALSEM LETS GOOOOOOOO\Programming Languages\Project\vinyltracker\src\main\scala\classes\vinyls.scala. Using presentation compiler with project's scala-library version: 3.3.5
2025.04.28 12:48:39 INFO  no build target found for C:\Users\seton\OneDrive\School\FINALSEM LETS GOOOOOOOO\Programming Languages\Project\vinyltracker\src\main\scala\classes\vinyls.scala. Using presentation compiler with project's scala-library version: 3.3.5
2025.04.28 12:48:44 INFO  no build target found for C:\Users\seton\OneDrive\School\FINALSEM LETS GOOOOOOOO\Programming Languages\Project\vinyltracker\src\main\scala\classes\vinyls.scala. Using presentation compiler with project's scala-library version: 3.3.5
2025.04.28 12:48:48 INFO  no build target found for C:\Users\seton\OneDrive\School\FINALSEM LETS GOOOOOOOO\Programming Languages\Project\vinyltracker\src\main\scala\classes\vinyls.scala. Using presentation compiler with project's scala-library version: 3.3.5
2025.04.28 12:48:55 ERROR Timeout waiting for 'build/initialize' response
2025.04.28 12:48:55 WARN  Retrying connection to the build server sbt
2025.04.28 12:48:55 INFO  Running BSP server List(C:\Program Files\Eclipse Adoptium\jdk-21.0.6.7-hotspot/bin/java, -Xms100m, -Xmx100m, -classpath, C:\Program Files (x86)\sbt\\bin\sbt-launch.jar, -Dsbt.script=file://C:\Program%20Files%20(x86)\sbt\bin\sbt.bat, xsbt.boot.Boot, -bsp)
2025.04.28 12:48:55 ERROR Running process 'C:\Program Files\Eclipse Adoptium\jdk-21.0.6.7-hotspot/bin/java -Xms100m -Xmx100m -classpath C:\Program Files (x86)\sbt\\bin\sbt-launch.jar -Dsbt.script=file://C:\Program%20Files%20(x86)\sbt\bin\sbt.bat xsbt.boot.Boot -bsp' failed
java.io.IOException: Cannot run program "C:\Program Files\Eclipse Adoptium\jdk-21.0.6.7-hotspot/bin/java" (in directory "C:\Users\seton\OneDrive\School\FINALSEM LETS GOOOOOOOO\Programming Languages\Project\vinyltracker"): CreateProcess error=2, The system cannot find the file specified
	at java.lang.ProcessBuilder.start(ProcessBuilder.java:1143)
	at java.lang.ProcessBuilder.start(ProcessBuilder.java:1073)
	at scala.meta.internal.process.SystemProcess$.run(SystemProcess.scala:48)
	at scala.meta.internal.bsp.BspServers.newConnection$1(BspServers.scala:118)
	at scala.meta.internal.bsp.BspServers.$anonfun$newServer$8(BspServers.scala:161)
	at scala.meta.internal.metals.BuildServerConnection$.setupServer$1(BuildServerConnection.scala:601)
	at scala.meta.internal.metals.BuildServerConnection$.fromSockets(BuildServerConnection.scala:669)
	at scala.meta.internal.metals.BuildServerConnection$$anonfun$fromSockets$17.applyOrElse(BuildServerConnection.scala:686)
	at scala.meta.internal.metals.BuildServerConnection$$anonfun$fromSockets$17.applyOrElse(BuildServerConnection.scala:683)
	at scala.concurrent.impl.Promise$Transformation.run(Promise.scala:490)
	at java.util.concurrent.ThreadPoolExecutor.runWorker(ThreadPoolExecutor.java:1136)
	at java.util.concurrent.ThreadPoolExecutor$Worker.run(ThreadPoolExecutor.java:635)
	at java.lang.Thread.run(Thread.java:840)
Caused by: java.io.IOException: CreateProcess error=2, The system cannot find the file specified
	at java.lang.ProcessImpl.create(Native Method)
	at java.lang.ProcessImpl.<init>(ProcessImpl.java:505)
	at java.lang.ProcessImpl.start(ProcessImpl.java:158)
	at java.lang.ProcessBuilder.start(ProcessBuilder.java:1110)
	at java.lang.ProcessBuilder.start(ProcessBuilder.java:1073)
	at scala.meta.internal.process.SystemProcess$.run(SystemProcess.scala:48)
	at scala.meta.internal.bsp.BspServers.newConnection$1(BspServers.scala:118)
	at scala.meta.internal.bsp.BspServers.$anonfun$newServer$8(BspServers.scala:161)
	at scala.meta.internal.metals.BuildServerConnection$.setupServer$1(BuildServerConnection.scala:601)
	at scala.meta.internal.metals.BuildServerConnection$.fromSockets(BuildServerConnection.scala:669)
	at scala.meta.internal.metals.BuildServerConnection$$anonfun$fromSockets$17.applyOrElse(BuildServerConnection.scala:686)
	at scala.meta.internal.metals.BuildServerConnection$$anonfun$fromSockets$17.applyOrElse(BuildServerConnection.scala:683)
	at scala.concurrent.impl.Promise$Transformation.run(Promise.scala:490)
	at java.util.concurrent.ThreadPoolExecutor.runWorker(ThreadPoolExecutor.java:1136)
	at java.util.concurrent.ThreadPoolExecutor$Worker.run(ThreadPoolExecutor.java:635)
	at java.lang.Thread.run(Thread.java:840)

2025.04.28 12:48:56 INFO  tracing is disabled for protocol BSP, to enable tracing of incoming and outgoing JSON messages create an empty file at C:\Users\seton\OneDrive\School\FINALSEM LETS GOOOOOOOO\Programming Languages\Project\vinyltracker\.metals\bsp.trace.json or C:\Users\seton\AppData\Local\scalameta\metals\cache\bsp.trace.json
2025.04.28 12:49:05 INFO  no build target found for C:\Users\seton\OneDrive\School\FINALSEM LETS GOOOOOOOO\Programming Languages\Project\vinyltracker\src\main\scala\classes\vinyls.scala. Using presentation compiler with project's scala-library version: 3.3.5
2025.04.28 12:49:07 INFO  Shutting down server
2025.04.28 12:49:07 INFO  shutting down Metals
2025.04.28 12:49:08 INFO  Exiting server
